{"timestamp":"2026-05-11T14:29:57.974Z","tipo":"success","modulo":"SERVIDOR","mensagem":"Servidor iniciado na porta 3000","detalhes":{"urls":{"dashboard":"http://localhost:3000/dashboard.html","relatorios":"http://localhost:3000/relatorios.html","api":"http://localhost:3000/api/empresas"}}}
{"timestamp":"2026-05-11T14:29:57.977Z","tipo":"info","modulo":"SISTEMA","mensagem":"Iniciando serviço de coleta automática"}
{"timestamp":"2026-05-11T14:29:57.981Z","tipo":"success","modulo":"SISTEMA","mensagem":"Serviço de coleta automática iniciado com sucesso","detalhes":{"agendamentos":["9h diário","18h diário","a cada 3h trimestral"]}}
{"timestamp":"2026-05-11T15:34:14.741Z","tipo":"success","modulo":"SERVIDOR","mensagem":"Servidor iniciado na porta 3000","detalhes":{"urls":{"dashboard":"http://localhost:3000/dashboard.html","relatorios":"http://localhost:3000/relatorios.html","api":"http://localhost:3000/api/empresas"}}}
{"timestamp":"2026-05-11T15:34:14.744Z","tipo":"info","modulo":"SISTEMA","mensagem":"Iniciando serviço de coleta automática"}
{"timestamp":"2026-05-11T15:34:14.748Z","tipo":"success","modulo":"SISTEMA","mensagem":"Serviço de coleta automática iniciado com sucesso","detalhes":{"agendamentos":["9h diário","18h diário","a cada 3h trimestral"]}}
{"timestamp":"2026-05-11T15:34:19.767Z","tipo":"info","modulo":"SISTEMA","mensagem":"Executando coleta inicial após startup"}
{"timestamp":"2026-05-11T15:34:19.769Z","tipo":"info","modulo":"COLETA-AUTO","mensagem":"Iniciando coleta de dados diários"}
{"timestamp":"2026-05-11T15:34:19.819Z","tipo":"info","modulo":"COLETA-AUTO","mensagem":"220 empresas para coleta diária"}
{"timestamp":"2026-05-11T15:34:20.015Z","tipo":"success","modulo":"COLETA-AUTO","mensagem":"AALR3: Cotação R$ 3.10"}
{"timestamp":"2026-05-11T15:34:22.138Z","tipo":"success","modulo":"COLETA-AUTO","mensagem":"ABCB4: Cotação R$ 24.31"}
{"timestamp":"2026-05-11T15:34:24.267Z","tipo":"success","modulo":"COLETA-AUTO","mensagem":"ABEV3: Cotação R$ 16.32"}
{"timestamp":"2026-05-11T15:34:26.378Z","tipo":"success","modulo":"COLETA-AUTO","mensagem":"AERI3: Cotação R$ 2.58"}
{"timestamp":"2026-05-11T15:34:28.475Z","tipo":"success","modulo":"COLETA-AUTO","mensagem":"AESB3: Cotação R$ 8.11"}
{"timestamp":"2026-05-11T15:34:30.600Z","tipo":"success","modulo":"COLETA-AUTO","mensagem":"AGRO3: Cotação R$ 19.06"}
{"timestamp":"2026-05-11T15:34:32.747Z","tipo":"success","modulo":"COLETA-AUTO","mensagem":"ALOS3: Cotação R$ 30.35"}
{"timestamp":"2026-05-11T15:34:34.939Z","tipo":"success","modulo":"COLETA-AUTO","mensagem":"ALPA4: Cotação R$ 12.29"}
{"timestamp":"2026-05-11T15:34:37.054Z","tipo":"success","modulo":"COLETA-AUTO","mensagem":"ALPK3: Cotação R$ 4.33"}
{"timestamp":"2026-05-11T15:34:39.190Z","tipo":"success","modulo":"COLETA-AUTO","mensagem":"ALUP11: Cotação R$ 34.80"}
{"timestamp":"2026-05-11T15:34:41.319Z","tipo":"success","modulo":"COLETA-AUTO","mensagem":"AMAR3: Cotação R$ 0.82"}
{"timestamp":"2026-05-11T15:34:43.465Z","tipo":"success","modulo":"COLETA-AUTO","mensagem":"AMBP3: Cotação R$ 0.20"}
{"timestamp":"2026-05-11T15:34:45.608Z","tipo":"success","modulo":"COLETA-AUTO","mensagem":"AMER3: Cotação R$ 5.45"}
{"timestamp":"2026-05-11T15:34:47.761Z","tipo":"success","modulo":"COLETA-AUTO","mensagem":"ANIM3: Cotação R$ 3.84"}
{"timestamp":"2026-05-11T15:34:49.860Z","tipo":"success","modulo":"COLETA-AUTO","mensagem":"ASAI3: Cotação R$ 9.28"}
{"timestamp":"2026-05-11T16:13:51.139Z","tipo":"success","modulo":"SERVIDOR","mensagem":"Servidor iniciado na porta 3000","detalhes":{"urls":{"dashboard":"http://localhost:3000/dashboard.html","relatorios":"http://localhost:3000/relatorios.html","api":"http://localhost:3000/api/empresas"}}}
{"timestamp":"2026-05-11T16:13:51.142Z","tipo":"info","modulo":"SISTEMA","mensagem":"Iniciando serviço de coleta automática"}
{"timestamp":"2026-05-11T16:13:51.146Z","tipo":"success","modulo":"SISTEMA","mensagem":"Serviço de coleta automática iniciado com sucesso","detalhes":{"agendamentos":["9h diário","18h diário","a cada 3h trimestral"]}}
{"timestamp":"2026-05-11T16:13:56.151Z","tipo":"info","modulo":"SISTEMA","mensagem":"Executando coleta inicial após startup"}
{"timestamp":"2026-05-11T16:13:56.153Z","tipo":"info","modulo":"COLETA-AUTO","mensagem":"Iniciando coleta de dados diários"}
{"timestamp":"2026-05-11T16:13:56.161Z","tipo":"info","modulo":"COLETA-AUTO","mensagem":"221 empresas para coleta diária"}
{"timestamp":"2026-05-11T16:13:56.381Z","tipo":"success","modulo":"COLETA-AUTO","mensagem":"AALR3: Cotação R$ 3.10"}
{"timestamp":"2026-05-11T16:13:58.512Z","tipo":"success","modulo":"COLETA-AUTO","mensagem":"ABCB4: Cotação R$ 24.31"}
{"timestamp":"2026-05-11T16:14:00.646Z","tipo":"success","modulo":"COLETA-AUTO","mensagem":"ABEV3: Cotação R$ 16.32"}
{"timestamp":"2026-05-11T16:14:02.780Z","tipo":"success","modulo":"COLETA-AUTO","mensagem":"AERI3: Cotação R$ 2.58"}
{"timestamp":"2026-05-11T16:14:04.934Z","tipo":"success","modulo":"COLETA-AUTO","mensagem":"AESB3: Cotação R$ 8.11"}
{"timestamp":"2026-05-11T16:14:07.088Z","tipo":"success","modulo":"COLETA-AUTO","mensagem":"AGRO3: Cotação R$ 19.06"}
{"timestamp":"2026-05-11T16:14:09.239Z","tipo":"success","modulo":"COLETA-AUTO","mensagem":"ALOS3: Cotação R$ 30.35"}
{"timestamp":"2026-05-11T16:14:11.395Z","tipo":"success","modulo":"COLETA-AUTO","mensagem":"ALPA4: Cotação R$ 12.29"}
{"timestamp":"2026-05-11T16:14:13.517Z","tipo":"success","modulo":"COLETA-AUTO","mensagem":"ALPK3: Cotação R$ 4.33"}
{"timestamp":"2026-05-11T16:14:15.629Z","tipo":"success","modulo":"COLETA-AUTO","mensagem":"ALUP11: Cotação R$ 34.80"}
{"timestamp":"2026-05-11T16:14:17.762Z","tipo":"success","modulo":"COLETA-AUTO","mensagem":"AMAR3: Cotação R$ 0.82"}
{"timestamp":"2026-05-11T16:14:19.911Z","tipo":"success","modulo":"COLETA-AUTO","mensagem":"AMBP3: Cotação R$ 0.20"}
{"timestamp":"2026-05-11T16:14:22.038Z","tipo":"success","modulo":"COLETA-AUTO","mensagem":"AMER3: Cotação R$ 5.45"}
{"timestamp":"2026-05-11T16:14:24.162Z","tipo":"success","modulo":"COLETA-AUTO","mensagem":"ANIM3: Cotação R$ 3.84"}
{"timestamp":"2026-05-11T16:14:26.304Z","tipo":"success","modulo":"COLETA-AUTO","mensagem":"ASAI3: Cotação R$ 9.28"}
{"timestamp":"2026-05-11T16:14:28.441Z","tipo":"success","modulo":"COLETA-AUTO","mensagem":"AURA33: Cotação R$ 133.20"}
{"timestamp":"2026-05-11T16:14:30.563Z","tipo":"success","modulo":"COLETA-AUTO","mensagem":"AZEV4: Cotação R$ 0.14"}
{"timestamp":"2026-05-11T16:14:32.683Z","tipo":"success","modulo":"COLETA-AUTO","mensagem":"AZUL4: Cotação R$ 0.81"}
{"timestamp":"2026-05-11T16:14:34.806Z","tipo":"success","modulo":"COLETA-AUTO","mensagem":"AZZA3: Cotação R$ 20.40"}
{"timestamp":"2026-05-11T16:14:36.915Z","tipo":"success","modulo":"COLETA-AUTO","mensagem":"B3SA3: Cotação R$ 17.93"}
{"timestamp":"2026-05-11T16:14:39.064Z","tipo":"success","modulo":"COLETA-AUTO","mensagem":"BAZA3: Cotação R$ 83.99"}
{"timestamp":"2026-05-11T16:14:41.207Z","tipo":"success","modulo":"COLETA-AUTO","mensagem":"BBAS3: Cotação R$ 21.80"}
{"timestamp":"2026-05-11T16:14:43.300Z","tipo":"success","modulo":"COLETA-AUTO","mensagem":"BBDC4: Cotação R$ 18.59"}
{"timestamp":"2026-05-11T16:14:45.453Z","tipo":"success","modulo":"COLETA-AUTO","mensagem":"BBSE3: Cotação R$ 34.52"}
{"timestamp":"2026-05-11T16:14:47.578Z","tipo":"success","modulo":"COLETA-AUTO","mensagem":"BEEF3: Cotação R$ 4.10"}
{"timestamp":"2026-05-11T16:14:49.713Z","tipo":"success","modulo":"COLETA-AUTO","mensagem":"BEES3: Cotação R$ 9.03"}
{"timestamp":"2026-05-11T16:14:51.839Z","tipo":"success","modulo":"COLETA-AUTO","mensagem":"BHIA3: Cotação R$ 2.16"}
{"timestamp":"2026-05-11T16:14:53.944Z","tipo":"success","modulo":"COLETA-AUTO","mensagem":"BMEB4: Cotação R$ 71.30"}
{"timestamp":"2026-05-11T16:14:56.073Z","tipo":"success","modulo":"COLETA-AUTO","mensagem":"BMGB4: Cotação R$ 5.44"}
{"timestamp":"2026-05-11T16:14:58.220Z","tipo":"success","modulo":"COLETA-AUTO","mensagem":"BMOB3: Cotação R$ 26.06"}
{"timestamp":"2026-05-11T16:15:00.336Z","tipo":"success","modulo":"COLETA-AUTO","mensagem":"BOBR4: Cotação R$ 1.23"}
{"timestamp":"2026-05-11T16:15:02.511Z","tipo":"success","modulo":"COLETA-AUTO","mensagem":"BPAC11: Cotação R$ 58.65"}
{"timestamp":"2026-05-11T16:15:04.632Z","tipo":"success","modulo":"COLETA-AUTO","mensagem":"BPAN4: Cotação R$ 12.75"}
{"timestamp":"2026-05-11T16:15:06.744Z","tipo":"success","modulo":"COLETA-AUTO","mensagem":"BRAP4: Cotação R$ 23.01"}
{"timestamp":"2026-05-11T16:15:08.879Z","tipo":"success","modulo":"COLETA-AUTO","mensagem":"BRAV3: Cotação R$ 17.54"}
{"timestamp":"2026-05-11T16:15:11.003Z","tipo":"success","modulo":"COLETA-AUTO","mensagem":"BRFS3: Cotação R$ 17.95"}
{"timestamp":"2026-05-11T16:15:13.125Z","tipo":"success","modulo":"COLETA-AUTO","mensagem":"BRKM5: Cotação R$ 8.99"}
{"timestamp":"2026-05-11T16:15:15.258Z","tipo":"success","modulo":"COLETA-AUTO","mensagem":"BRSR6: Cotação R$ 15.26"}
{"timestamp":"2026-05-11T16:15:17.404Z","tipo":"success","modulo":"COLETA-AUTO","mensagem":"CAMB3: Cotação R$ 10.14"}
{"timestamp":"2026-05-11T16:15:19.539Z","tipo":"success","modulo":"COLETA-AUTO","mensagem":"CAML3: Cotação R$ 5.91"}
{"timestamp":"2026-05-11T16:15:32.291Z","tipo":"success","modulo":"SERVIDOR","mensagem":"Servidor iniciado na porta 3000","detalhes":{"urls":{"dashboard":"http://localhost:3000/dashboard.html","relatorios":"http://localhost:3000/relatorios.html","api":"http://localhost:3000/api/empresas"}}}
{"timestamp":"2026-05-11T16:15:32.296Z","tipo":"info","modulo":"SISTEMA","mensagem":"Iniciando serviço de coleta automática"}
{"timestamp":"2026-05-11T16:15:32.300Z","tipo":"success","modulo":"SISTEMA","mensagem":"Serviço de coleta automática iniciado com sucesso","detalhes":{"agendamentos":["9h diário","18h diário","a cada 3h trimestral"]}}
{"timestamp":"2026-05-11T16:15:37.308Z","tipo":"info","modulo":"SISTEMA","mensagem":"Executando coleta inicial após startup"}
{"timestamp":"2026-05-11T16:15:37.311Z","tipo":"info","modulo":"COLETA-AUTO","mensagem":"Iniciando coleta de dados diários"}
{"timestamp":"2026-05-11T16:15:37.323Z","tipo":"info","modulo":"COLETA-AUTO","mensagem":"221 empresas para coleta diária"}
{"timestamp":"2026-05-11T16:15:37.519Z","tipo":"success","modulo":"COLETA-AUTO","mensagem":"AALR3: Cotação R$ 3.10"}
{"timestamp":"2026-05-11T16:15:39.641Z","tipo":"success","modulo":"COLETA-AUTO","mensagem":"ABCB4: Cotação R$ 24.31"}
{"timestamp":"2026-05-11T16:15:41.800Z","tipo":"success","modulo":"COLETA-AUTO","mensagem":"ABEV3: Cotação R$ 16.32"}
{"timestamp":"2026-05-11T16:15:43.920Z","tipo":"success","modulo":"COLETA-AUTO","mensagem":"AERI3: Cotação R$ 2.58"}
{"timestamp":"2026-05-11T16:21:29.638Z","tipo":"success","modulo":"SERVIDOR","mensagem":"Servidor iniciado na porta 3000","detalhes":{"urls":{"dashboard":"http://localhost:3000/dashboard.html","relatorios":"http://localhost:3000/relatorios.html","api":"http://localhost:3000/api/empresas"}}}
{"timestamp":"2026-05-11T16:21:29.640Z","tipo":"info","modulo":"SISTEMA","mensagem":"Iniciando serviço de coleta automática"}
{"timestamp":"2026-05-11T16:21:29.645Z","tipo":"success","modulo":"SISTEMA","mensagem":"Serviço de coleta automática iniciado com sucesso","detalhes":{"agendamentos":["9h diário","18h diário","a cada 3h trimestral"]}}
{"timestamp":"2026-05-11T16:21:34.655Z","tipo":"info","modulo":"SISTEMA","mensagem":"Executando coleta inicial após startup"}
{"timestamp":"2026-05-11T16:21:34.659Z","tipo":"info","modulo":"COLETA-AUTO","mensagem":"Iniciando coleta de dados diários"}
{"timestamp":"2026-05-11T16:21:34.669Z","tipo":"info","modulo":"COLETA-AUTO","mensagem":"221 empresas para coleta diária"}
{"timestamp":"2026-05-11T16:21:34.889Z","tipo":"success","modulo":"COLETA-AUTO","mensagem":"AALR3: Cotação R$ 3.10"}
{"timestamp":"2026-05-11T16:21:37.010Z","tipo":"success","modulo":"COLETA-AUTO","mensagem":"ABCB4: Cotação R$ 24.31"}
{"timestamp":"2026-05-11T16:21:39.148Z","tipo":"success","modulo":"COLETA-AUTO","mensagem":"ABEV3: Cotação R$ 16.32"}
{"timestamp":"2026-05-11T16:21:41.288Z","tipo":"success","modulo":"COLETA-AUTO","mensagem":"AERI3: Cotação R$ 2.58"}
{"timestamp":"2026-05-11T16:21:43.428Z","tipo":"success","modulo":"COLETA-AUTO","mensagem":"AESB3: Cotação R$ 8.11"}
{"timestamp":"2026-05-11T16:21:45.565Z","tipo":"success","modulo":"COLETA-AUTO","mensagem":"AGRO3: Cotação R$ 19.06"}
{"timestamp":"2026-05-11T16:21:47.694Z","tipo":"success","modulo":"COLETA-AUTO","mensagem":"ALOS3: Cotação R$ 30.35"}
{"timestamp":"2026-05-11T16:21:49.812Z","tipo":"success","modulo":"COLETA-AUTO","mensagem":"ALPA4: Cotação R$ 12.29"}
{"timestamp":"2026-05-11T16:21:51.945Z","tipo":"success","modulo":"COLETA-AUTO","mensagem":"ALPK3: Cotação R$ 4.33"}
{"timestamp":"2026-05-11T16:21:54.083Z","tipo":"success","modulo":"COLETA-AUTO","mensagem":"ALUP11: Cotação R$ 34.80"}
{"timestamp":"2026-05-11T16:21:56.206Z","tipo":"success","modulo":"COLETA-AUTO","mensagem":"AMAR3: Cotação R$ 0.82"}
{"timestamp":"2026-05-11T16:21:58.317Z","tipo":"success","modulo":"COLETA-AUTO","mensagem":"AMBP3: Cotação R$ 0.20"}
{"timestamp":"2026-05-11T16:22:00.427Z","tipo":"success","modulo":"COLETA-AUTO","mensagem":"AMER3: Cotação R$ 5.45"}
{"timestamp":"2026-05-11T16:22:02.572Z","tipo":"success","modulo":"COLETA-AUTO","mensagem":"ANIM3: Cotação R$ 3.84"}
{"timestamp":"2026-05-11T16:22:04.682Z","tipo":"success","modulo":"COLETA-AUTO","mensagem":"ASAI3: Cotação R$ 9.28"}
{"timestamp":"2026-05-11T16:22:06.814Z","tipo":"success","modulo":"COLETA-AUTO","mensagem":"AURA33: Cotação R$ 133.20"}
{"timestamp":"2026-05-11T16:22:08.932Z","tipo":"success","modulo":"COLETA-AUTO","mensagem":"AZEV4: Cotação R$ 0.14"}
{"timestamp":"2026-05-11T16:22:11.080Z","tipo":"success","modulo":"COLETA-AUTO","mensagem":"AZUL4: Cotação R$ 0.81"}
{"timestamp":"2026-05-11T16:22:13.203Z","tipo":"success","modulo":"COLETA-AUTO","mensagem":"AZZA3: Cotação R$ 20.40"}
{"timestamp":"2026-05-11T16:22:15.339Z","tipo":"success","modulo":"COLETA-AUTO","mensagem":"B3SA3: Cotação R$ 17.93"}
{"timestamp":"2026-05-11T16:22:17.489Z","tipo":"success","modulo":"COLETA-AUTO","mensagem":"BAZA3: Cotação R$ 83.99"}
{"timestamp":"2026-05-11T16:22:19.632Z","tipo":"success","modulo":"COLETA-AUTO","mensagem":"BBAS3: Cotação R$ 21.80"}
{"timestamp":"2026-05-11T16:22:21.779Z","tipo":"success","modulo":"COLETA-AUTO","mensagem":"BBDC4: Cotação R$ 18.59"}
{"timestamp":"2026-05-11T16:22:23.894Z","tipo":"success","modulo":"COLETA-AUTO","mensagem":"BBSE3: Cotação R$ 34.52"}
{"timestamp":"2026-05-11T16:22:25.988Z","tipo":"success","modulo":"COLETA-AUTO","mensagem":"BEEF3: Cotação R$ 4.10"}
{"timestamp":"2026-05-11T16:22:28.127Z","tipo":"success","modulo":"COLETA-AUTO","mensagem":"BEES3: Cotação R$ 9.03"}
{"timestamp":"2026-05-11T16:22:30.247Z","tipo":"success","modulo":"COLETA-AUTO","mensagem":"BHIA3: Cotação R$ 2.16"}
{"timestamp":"2026-05-11T16:22:32.397Z","tipo":"success","modulo":"COLETA-AUTO","mensagem":"BMEB4: Cotação R$ 71.30"}
{"timestamp":"2026-05-11T16:22:34.539Z","tipo":"success","modulo":"COLETA-AUTO","mensagem":"BMGB4: Cotação R$ 5.44"}
{"timestamp":"2026-05-11T16:22:36.670Z","tipo":"success","modulo":"COLETA-AUTO","mensagem":"BMOB3: Cotação R$ 26.06"}
{"timestamp":"2026-05-11T16:22:38.794Z","tipo":"success","modulo":"COLETA-AUTO","mensagem":"BOBR4: Cotação R$ 1.23"}
{"timestamp":"2026-05-11T16:22:40.922Z","tipo":"success","modulo":"COLETA-AUTO","mensagem":"BPAC11: Cotação R$ 58.65"}
{"timestamp":"2026-05-11T16:22:43.057Z","tipo":"success","modulo":"COLETA-AUTO","mensagem":"BPAN4: Cotação R$ 12.75"}
{"timestamp":"2026-05-11T16:22:45.190Z","tipo":"success","modulo":"COLETA-AUTO","mensagem":"BRAP4: Cotação R$ 23.01"}
{"timestamp":"2026-05-11T16:22:47.288Z","tipo":"success","modulo":"COLETA-AUTO","mensagem":"BRAV3: Cotação R$ 17.54"}
{"timestamp":"2026-05-11T16:22:49.414Z","tipo":"success","modulo":"COLETA-AUTO","mensagem":"BRFS3: Cotação R$ 17.95"}
{"timestamp":"2026-05-11T16:22:51.521Z","tipo":"success","modulo":"COLETA-AUTO","mensagem":"BRKM5: Cotação R$ 8.99"}
{"timestamp":"2026-05-11T16:22:53.613Z","tipo":"success","modulo":"COLETA-AUTO","mensagem":"BRSR6: Cotação R$ 15.26"}
{"timestamp":"2026-05-11T16:22:55.734Z","tipo":"success","modulo":"COLETA-AUTO","mensagem":"CAMB3: Cotação R$ 10.14"}
{"timestamp":"2026-05-11T16:22:57.951Z","tipo":"success","modulo":"COLETA-AUTO","mensagem":"CAML3: Cotação R$ 5.91"}
{"timestamp":"2026-05-11T16:23:00.080Z","tipo":"success","modulo":"COLETA-AUTO","mensagem":"CASH3: Cotação R$ 4.33"}
{"timestamp":"2026-05-11T16:23:02.271Z","tipo":"success","modulo":"COLETA-AUTO","mensagem":"CEAB3: Cotação R$ 12.23"}
{"timestamp":"2026-05-11T16:23:04.399Z","tipo":"success","modulo":"COLETA-AUTO","mensagem":"CEBR3: Cotação R$ 29.51"}
{"timestamp":"2026-05-11T16:23:06.550Z","tipo":"success","modulo":"COLETA-AUTO","mensagem":"CGRA4: Cotação R$ 25.99"}
{"timestamp":"2026-05-11T16:23:08.715Z","tipo":"success","modulo":"COLETA-AUTO","mensagem":"CLSC4: Cotação R$ 151.33"}
{"timestamp":"2026-05-11T16:23:10.829Z","tipo":"success","modulo":"COLETA-AUTO","mensagem":"CMIG4: Cotação R$ 11.77"}
{"timestamp":"2026-05-11T16:23:12.944Z","tipo":"success","modulo":"COLETA-AUTO","mensagem":"CMIN3: Cotação R$ 4.81"}
{"timestamp":"2026-05-11T16:23:15.055Z","tipo":"success","modulo":"COLETA-AUTO","mensagem":"COCE5: Cotação R$ 34.17"}
{"timestamp":"2026-05-11T16:23:17.186Z","tipo":"success","modulo":"COLETA-AUTO","mensagem":"COGN3: Cotação R$ 2.82"}
{"timestamp":"2026-05-11T16:23:19.323Z","tipo":"success","modulo":"COLETA-AUTO","mensagem":"CPFE3: Cotação R$ 48.94"}
{"timestamp":"2026-05-11T16:23:21.457Z","tipo":"success","modulo":"COLETA-AUTO","mensagem":"CPLE6: Cotação R$ 14.26"}
{"timestamp":"2026-05-11T16:23:23.600Z","tipo":"success","modulo":"COLETA-AUTO","mensagem":"CRFB3: Cotação R$ 8.48"}
{"timestamp":"2026-05-11T16:23:25.754Z","tipo":"success","modulo":"COLETA-AUTO","mensagem":"CSAN3: Cotação R$ 5.14"}
{"timestamp":"2026-05-11T16:23:27.874Z","tipo":"success","modulo":"COLETA-AUTO","mensagem":"CSED3: Cotação R$ 5.63"}
{"timestamp":"2026-05-11T16:23:30.007Z","tipo":"success","modulo":"COLETA-AUTO","mensagem":"CSMG3: Cotação R$ 54.44"}
{"timestamp":"2026-05-11T16:23:32.098Z","tipo":"success","modulo":"COLETA-AUTO","mensagem":"CSNA3: Cotação R$ 6.68"}
{"timestamp":"2026-05-11T16:23:34.236Z","tipo":"success","modulo":"COLETA-AUTO","mensagem":"CSUD3: Cotação R$ 17.05"}
{"timestamp":"2026-05-11T16:23:36.430Z","tipo":"success","modulo":"COLETA-AUTO","mensagem":"CURY3: Cotação R$ 31.27"}
{"timestamp":"2026-05-11T16:23:38.539Z","tipo":"success","modulo":"COLETA-AUTO","mensagem":"CVCB3: Cotação R$ 2.21"}
{"timestamp":"2026-05-11T16:23:40.673Z","tipo":"success","modulo":"COLETA-AUTO","mensagem":"CYRE3: Cotação R$ 22.33"}
{"timestamp":"2026-05-11T16:23:42.790Z","tipo":"success","modulo":"COLETA-AUTO","mensagem":"DASA3: Cotação R$ 3.31"}
{"timestamp":"2026-05-11T16:23:44.919Z","tipo":"success","modulo":"COLETA-AUTO","mensagem":"DEXP3: Cotação R$ 7.27"}
{"timestamp":"2026-05-11T16:23:47.064Z","tipo":"success","modulo":"COLETA-AUTO","mensagem":"DIRR3: Cotação R$ 13.21"}
{"timestamp":"2026-05-11T16:23:49.197Z","tipo":"success","modulo":"COLETA-AUTO","mensagem":"DMVF3: Cotação R$ 6.75"}
{"timestamp":"2026-05-11T16:23:51.335Z","tipo":"success","modulo":"COLETA-AUTO","mensagem":"DXCO3: Cotação R$ 5.77"}
{"timestamp":"2026-05-11T16:23:53.461Z","tipo":"success","modulo":"COLETA-AUTO","mensagem":"EALT4: Cotação R$ 13.22"}
{"timestamp":"2026-05-11T16:23:55.589Z","tipo":"success","modulo":"COLETA-AUTO","mensagem":"ECOR3: Cotação R$ 8.92"}
{"timestamp":"2026-05-11T16:23:57.718Z","tipo":"success","modulo":"COLETA-AUTO","mensagem":"EGIE3: Cotação R$ 34.29"}
{"timestamp":"2026-05-11T16:23:59.785Z","tipo":"warning","modulo":"COLETA-AUTO","mensagem":"ELET3: Cotação indisponível"}
{"timestamp":"2026-05-11T16:23:59.901Z","tipo":"success","modulo":"COLETA-AUTO","mensagem":"ELMD3: Cotação R$ 31.00"}
{"timestamp":"2026-05-11T16:24:02.057Z","tipo":"success","modulo":"COLETA-AUTO","mensagem":"EMAE4: Cotação R$ 41.16"}
{"timestamp":"2026-05-11T16:24:04.146Z","tipo":"warning","modulo":"COLETA-AUTO","mensagem":"EMBR3: Cotação indisponível"}
{"timestamp":"2026-05-11T16:24:04.260Z","tipo":"success","modulo":"COLETA-AUTO","mensagem":"ENEV3: Cotação R$ 27.27"}
{"timestamp":"2026-05-11T16:24:06.373Z","tipo":"success","modulo":"COLETA-AUTO","mensagem":"ENGI11: Cotação R$ 52.73"}
{"timestamp":"2026-05-11T16:24:08.499Z","tipo":"success","modulo":"COLETA-AUTO","mensagem":"ENJU3: Cotação R$ 1.07"}
{"timestamp":"2026-05-11T16:24:10.623Z","tipo":"success","modulo":"COLETA-AUTO","mensagem":"EQTL3: Cotação R$ 42.31"}
{"timestamp":"2026-05-11T16:24:12.733Z","tipo":"success","modulo":"COLETA-AUTO","mensagem":"ESPA3: Cotação R$ 0.92"}
{"timestamp":"2026-05-11T16:24:14.855Z","tipo":"success","modulo":"COLETA-AUTO","mensagem":"ETER3: Cotação R$ 4.02"}
{"timestamp":"2026-05-11T16:24:16.964Z","tipo":"success","modulo":"COLETA-AUTO","mensagem":"EUCA4: Cotação R$ 22.90"}
{"timestamp":"2026-05-11T16:24:19.102Z","tipo":"success","modulo":"COLETA-AUTO","mensagem":"EVEN3: Cotação R$ 5.89"}
{"timestamp":"2026-05-11T16:24:21.235Z","tipo":"success","modulo":"COLETA-AUTO","mensagem":"EZTC3: Cotação R$ 13.42"}
{"timestamp":"2026-05-11T16:24:23.343Z","tipo":"success","modulo":"COLETA-AUTO","mensagem":"FESA4: Cotação R$ 7.30"}
{"timestamp":"2026-05-11T16:24:25.500Z","tipo":"success","modulo":"COLETA-AUTO","mensagem":"FHER3: Cotação R$ 4.17"}
{"timestamp":"2026-05-11T16:24:27.642Z","tipo":"success","modulo":"COLETA-AUTO","mensagem":"FLRY3: Cotação R$ 16.58"}
{"timestamp":"2026-05-11T16:24:29.776Z","tipo":"success","modulo":"COLETA-AUTO","mensagem":"FRAS3: Cotação R$ 22.20"}
{"timestamp":"2026-05-11T16:24:31.899Z","tipo":"success","modulo":"COLETA-AUTO","mensagem":"GFSA3: Cotação R$ 1.25"}
{"timestamp":"2026-05-11T16:24:34.007Z","tipo":"success","modulo":"COLETA-AUTO","mensagem":"GGBR4: Cotação R$ 23.88"}
{"timestamp":"2026-05-11T16:24:36.156Z","tipo":"success","modulo":"COLETA-AUTO","mensagem":"GMAT3: Cotação R$ 4.59"}
{"timestamp":"2026-05-11T16:24:38.307Z","tipo":"success","modulo":"COLETA-AUTO","mensagem":"GOAU4: Cotação R$ 10.44"}
{"timestamp":"2026-05-11T16:24:40.456Z","tipo":"success","modulo":"COLETA-AUTO","mensagem":"GOLL4: Cotação R$ 0.79"}
{"timestamp":"2026-05-11T16:24:42.575Z","tipo":"success","modulo":"COLETA-AUTO","mensagem":"GRND3: Cotação R$ 4.19"}
{"timestamp":"2026-05-11T16:24:44.650Z","tipo":"warning","modulo":"COLETA-AUTO","mensagem":"GUAR3: Cotação indisponível"}
{"timestamp":"2026-05-11T16:24:44.764Z","tipo":"success","modulo":"COLETA-AUTO","mensagem":"HAPV3: Cotação R$ 11.81"}
{"timestamp":"2026-05-11T16:24:46.891Z","tipo":"success","modulo":"COLETA-AUTO","mensagem":"HBOR3: Cotação R$ 2.30"}
{"timestamp":"2026-05-11T16:24:48.996Z","tipo":"success","modulo":"COLETA-AUTO","mensagem":"HBSA3: Cotação R$ 3.45"}
{"timestamp":"2026-05-11T16:24:51.106Z","tipo":"success","modulo":"COLETA-AUTO","mensagem":"HYPE3: Cotação R$ 23.36"}
{"timestamp":"2026-05-11T16:24:53.224Z","tipo":"success","modulo":"COLETA-AUTO","mensagem":"IGTI11: Cotação R$ 28.13"}
{"timestamp":"2026-05-11T16:24:55.315Z","tipo":"warning","modulo":"COLETA-AUTO","mensagem":"INBR32: Cotação indisponível"}
{"timestamp":"2026-05-11T16:24:55.428Z","tipo":"success","modulo":"COLETA-AUTO","mensagem":"INEP3: Cotação R$ 2.48"}
{"timestamp":"2026-05-11T16:24:57.544Z","tipo":"success","modulo":"COLETA-AUTO","mensagem":"INTB3: Cotação R$ 15.39"}
{"timestamp":"2026-05-11T16:24:59.666Z","tipo":"success","modulo":"COLETA-AUTO","mensagem":"IRBR3: Cotação R$ 53.27"}
{"timestamp":"2026-05-11T16:25:01.811Z","tipo":"success","modulo":"COLETA-AUTO","mensagem":"ISAE4: Cotação R$ 30.37"}
{"timestamp":"2026-05-11T16:25:03.970Z","tipo":"success","modulo":"COLETA-AUTO","mensagem":"ITSA4: Cotação R$ 13.50"}
{"timestamp":"2026-05-11T16:25:06.119Z","tipo":"success","modulo":"COLETA-AUTO","mensagem":"ITUB4: Cotação R$ 41.26"}
{"timestamp":"2026-05-11T16:25:08.232Z","tipo":"success","modulo":"COLETA-AUTO","mensagem":"JALL3: Cotação R$ 3.11"}
{"timestamp":"2026-05-11T16:25:10.334Z","tipo":"success","modulo":"COLETA-AUTO","mensagem":"JBSS3: Cotação R$ 39.03"}
{"timestamp":"2026-05-11T16:32:40.864Z","tipo":"success","modulo":"SERVIDOR","mensagem":"Servidor iniciado na porta 3000","detalhes":{"urls":{"dashboard":"http://localhost:3000/dashboard.html","relatorios":"http://localhost:3000/relatorios.html","api":"http://localhost:3000/api/empresas"}}}
{"timestamp":"2026-05-11T16:32:40.866Z","tipo":"info","modulo":"SISTEMA","mensagem":"Iniciando serviço de coleta automática"}
{"timestamp":"2026-05-11T16:32:40.870Z","tipo":"success","modulo":"SISTEMA","mensagem":"Serviço de coleta automática iniciado com sucesso","detalhes":{"agendamentos":["9h diário","18h diário","a cada 3h trimestral"]}}
{"timestamp":"2026-05-11T16:32:45.884Z","tipo":"info","modulo":"SISTEMA","mensagem":"Executando coleta inicial após startup"}
{"timestamp":"2026-05-11T16:32:45.887Z","tipo":"info","modulo":"COLETA-AUTO","mensagem":"Iniciando coleta de dados diários"}
{"timestamp":"2026-05-11T16:32:45.904Z","tipo":"info","modulo":"COLETA-AUTO","mensagem":"221 empresas para coleta diária"}
{"timestamp":"2026-05-11T16:32:46.093Z","tipo":"success","modulo":"COLETA-AUTO","mensagem":"AALR3: Cotação R$ 3.10"}
{"timestamp":"2026-05-11T16:32:48.217Z","tipo":"success","modulo":"COLETA-AUTO","mensagem":"ABCB4: Cotação R$ 24.31"}
{"timestamp":"2026-05-11T16:32:50.352Z","tipo":"success","modulo":"COLETA-AUTO","mensagem":"ABEV3: Cotação R$ 16.32"}
{"timestamp":"2026-05-11T16:32:52.486Z","tipo":"success","modulo":"COLETA-AUTO","mensagem":"AERI3: Cotação R$ 2.58"}
{"timestamp":"2026-05-11T16:32:54.616Z","tipo":"success","modulo":"COLETA-AUTO","mensagem":"AESB3: Cotação R$ 8.11"}
{"timestamp":"2026-05-11T16:32:56.723Z","tipo":"success","modulo":"COLETA-AUTO","mensagem":"AGRO3: Cotação R$ 19.06"}
{"timestamp":"2026-05-11T16:32:58.850Z","tipo":"success","modulo":"COLETA-AUTO","mensagem":"ALOS3: Cotação R$ 30.35"}
{"timestamp":"2026-05-11T16:33:00.962Z","tipo":"success","modulo":"COLETA-AUTO","mensagem":"ALPA4: Cotação R$ 12.29"}
{"timestamp":"2026-05-11T16:33:03.097Z","tipo":"success","modulo":"COLETA-AUTO","mensagem":"ALPK3: Cotação R$ 4.33"}
{"timestamp":"2026-05-11T16:33:05.194Z","tipo":"success","modulo":"COLETA-AUTO","mensagem":"ALUP11: Cotação R$ 34.80"}
{"timestamp":"2026-05-11T16:33:07.308Z","tipo":"success","modulo":"COLETA-AUTO","mensagem":"AMAR3: Cotação R$ 0.82"}
{"timestamp":"2026-05-11T16:33:09.423Z","tipo":"success","modulo":"COLETA-AUTO","mensagem":"AMBP3: Cotação R$ 0.20"}
{"timestamp":"2026-05-11T16:33:11.532Z","tipo":"success","modulo":"COLETA-AUTO","mensagem":"AMER3: Cotação R$ 5.45"}
{"timestamp":"2026-05-11T16:33:13.708Z","tipo":"success","modulo":"COLETA-AUTO","mensagem":"ANIM3: Cotação R$ 3.84"}
{"timestamp":"2026-05-11T16:33:15.833Z","tipo":"success","modulo":"COLETA-AUTO","mensagem":"ASAI3: Cotação R$ 9.28"}
{"timestamp":"2026-05-11T16:33:17.947Z","tipo":"success","modulo":"COLETA-AUTO","mensagem":"AURA33: Cotação R$ 133.20"}
{"timestamp":"2026-05-11T16:33:20.074Z","tipo":"success","modulo":"COLETA-AUTO","mensagem":"AZEV4: Cotação R$ 0.14"}
{"timestamp":"2026-05-11T16:33:22.195Z","tipo":"success","modulo":"COLETA-AUTO","mensagem":"AZUL4: Cotação R$ 0.81"}
{"timestamp":"2026-05-11T16:33:24.306Z","tipo":"success","modulo":"COLETA-AUTO","mensagem":"AZZA3: Cotação R$ 20.40"}
{"timestamp":"2026-05-11T16:33:26.416Z","tipo":"success","modulo":"COLETA-AUTO","mensagem":"B3SA3: Cotação R$ 17.93"}
{"timestamp":"2026-05-11T16:33:28.520Z","tipo":"success","modulo":"COLETA-AUTO","mensagem":"BAZA3: Cotação R$ 83.99"}
{"timestamp":"2026-05-11T16:33:30.621Z","tipo":"success","modulo":"COLETA-AUTO","mensagem":"BBAS3: Cotação R$ 21.80"}
{"timestamp":"2026-05-11T16:33:32.743Z","tipo":"success","modulo":"COLETA-AUTO","mensagem":"BBDC4: Cotação R$ 18.59"}
{"timestamp":"2026-05-11T16:33:34.847Z","tipo":"success","modulo":"COLETA-AUTO","mensagem":"BBSE3: Cotação R$ 34.52"}
{"timestamp":"2026-05-11T16:33:36.946Z","tipo":"success","modulo":"COLETA-AUTO","mensagem":"BEEF3: Cotação R$ 4.10"}
{"timestamp":"2026-05-11T16:33:39.034Z","tipo":"success","modulo":"COLETA-AUTO","mensagem":"BEES3: Cotação R$ 9.03"}
{"timestamp":"2026-05-11T16:33:41.147Z","tipo":"success","modulo":"COLETA-AUTO","mensagem":"BHIA3: Cotação R$ 2.16"}
{"timestamp":"2026-05-11T16:33:43.236Z","tipo":"success","modulo":"COLETA-AUTO","mensagem":"BMEB4: Cotação R$ 71.30"}
{"timestamp":"2026-05-11T16:33:45.345Z","tipo":"success","modulo":"COLETA-AUTO","mensagem":"BMGB4: Cotação R$ 5.44"}
{"timestamp":"2026-05-11T16:33:47.440Z","tipo":"success","modulo":"COLETA-AUTO","mensagem":"BMOB3: Cotação R$ 26.06"}
{"timestamp":"2026-05-11T16:33:49.534Z","tipo":"success","modulo":"COLETA-AUTO","mensagem":"BOBR4: Cotação R$ 1.23"}
{"timestamp":"2026-05-11T16:33:51.631Z","tipo":"success","modulo":"COLETA-AUTO","mensagem":"BPAC11: Cotação R$ 58.65"}
{"timestamp":"2026-05-11T16:33:53.796Z","tipo":"success","modulo":"COLETA-AUTO","mensagem":"BPAN4: Cotação R$ 12.75"}
{"timestamp":"2026-05-11T16:33:55.883Z","tipo":"success","modulo":"COLETA-AUTO","mensagem":"BRAP4: Cotação R$ 23.01"}
{"timestamp":"2026-05-11T16:33:57.967Z","tipo":"success","modulo":"COLETA-AUTO","mensagem":"BRAV3: Cotação R$ 17.54"}
{"timestamp":"2026-05-11T16:34:00.063Z","tipo":"success","modulo":"COLETA-AUTO","mensagem":"BRFS3: Cotação R$ 17.95"}
{"timestamp":"2026-05-11T16:34:02.201Z","tipo":"success","modulo":"COLETA-AUTO","mensagem":"BRKM5: Cotação R$ 8.99"}
{"timestamp":"2026-05-11T16:34:04.302Z","tipo":"success","modulo":"COLETA-AUTO","mensagem":"BRSR6: Cotação R$ 15.26"}
{"timestamp":"2026-05-11T16:34:06.488Z","tipo":"success","modulo":"COLETA-AUTO","mensagem":"CAMB3: Cotação R$ 10.14"}
{"timestamp":"2026-05-11T16:34:08.596Z","tipo":"success","modulo":"COLETA-AUTO","mensagem":"CAML3: Cotação R$ 5.91"}
{"timestamp":"2026-05-11T16:34:10.693Z","tipo":"success","modulo":"COLETA-AUTO","mensagem":"CASH3: Cotação R$ 4.33"}
{"timestamp":"2026-05-11T16:34:12.806Z","tipo":"success","modulo":"COLETA-AUTO","mensagem":"CEAB3: Cotação R$ 12.23"}
{"timestamp":"2026-05-11T16:34:14.907Z","tipo":"success","modulo":"COLETA-AUTO","mensagem":"CEBR3: Cotação R$ 29.51"}
{"timestamp":"2026-05-11T16:34:17.012Z","tipo":"success","modulo":"COLETA-AUTO","mensagem":"CGRA4: Cotação R$ 25.99"}
{"timestamp":"2026-05-11T16:34:19.110Z","tipo":"success","modulo":"COLETA-AUTO","mensagem":"CLSC4: Cotação R$ 151.33"}
{"timestamp":"2026-05-11T16:34:21.274Z","tipo":"success","modulo":"COLETA-AUTO","mensagem":"CMIG4: Cotação R$ 11.77"}
{"timestamp":"2026-05-11T16:34:23.380Z","tipo":"success","modulo":"COLETA-AUTO","mensagem":"CMIN3: Cotação R$ 4.81"}
{"timestamp":"2026-05-11T16:34:25.482Z","tipo":"success","modulo":"COLETA-AUTO","mensagem":"COCE5: Cotação R$ 34.17"}
{"timestamp":"2026-05-11T16:34:27.579Z","tipo":"success","modulo":"COLETA-AUTO","mensagem":"COGN3: Cotação R$ 2.82"}
{"timestamp":"2026-05-11T16:34:29.683Z","tipo":"success","modulo":"COLETA-AUTO","mensagem":"CPFE3: Cotação R$ 48.94"}
{"timestamp":"2026-05-11T16:34:31.803Z","tipo":"success","modulo":"COLETA-AUTO","mensagem":"CPLE6: Cotação R$ 14.26"}
{"timestamp":"2026-05-11T16:34:33.946Z","tipo":"success","modulo":"COLETA-AUTO","mensagem":"CRFB3: Cotação R$ 8.48"}
{"timestamp":"2026-05-11T16:34:36.065Z","tipo":"success","modulo":"COLETA-AUTO","mensagem":"CSAN3: Cotação R$ 5.14"}
{"timestamp":"2026-05-11T16:34:38.208Z","tipo":"success","modulo":"COLETA-AUTO","mensagem":"CSED3: Cotação R$ 5.63"}
{"timestamp":"2026-05-11T16:34:40.341Z","tipo":"success","modulo":"COLETA-AUTO","mensagem":"CSMG3: Cotação R$ 54.44"}
{"timestamp":"2026-05-11T16:34:42.502Z","tipo":"success","modulo":"COLETA-AUTO","mensagem":"CSNA3: Cotação R$ 6.68"}
{"timestamp":"2026-05-11T16:34:44.645Z","tipo":"success","modulo":"COLETA-AUTO","mensagem":"CSUD3: Cotação R$ 17.05"}
{"timestamp":"2026-05-11T16:34:46.754Z","tipo":"success","modulo":"COLETA-AUTO","mensagem":"CURY3: Cotação R$ 31.27"}
{"timestamp":"2026-05-11T16:34:48.907Z","tipo":"success","modulo":"COLETA-AUTO","mensagem":"CVCB3: Cotação R$ 2.21"}
{"timestamp":"2026-05-11T16:34:51.030Z","tipo":"success","modulo":"COLETA-AUTO","mensagem":"CYRE3: Cotação R$ 22.33"}
{"timestamp":"2026-05-11T16:34:53.172Z","tipo":"success","modulo":"COLETA-AUTO","mensagem":"DASA3: Cotação R$ 3.31"}
{"timestamp":"2026-05-11T16:34:55.312Z","tipo":"success","modulo":"COLETA-AUTO","mensagem":"DEXP3: Cotação R$ 7.27"}
{"timestamp":"2026-05-11T16:34:57.446Z","tipo":"success","modulo":"COLETA-AUTO","mensagem":"DIRR3: Cotação R$ 13.21"}
{"timestamp":"2026-05-11T16:34:59.600Z","tipo":"success","modulo":"COLETA-AUTO","mensagem":"DMVF3: Cotação R$ 6.75"}
{"timestamp":"2026-05-11T16:35:01.713Z","tipo":"success","modulo":"COLETA-AUTO","mensagem":"DXCO3: Cotação R$ 5.77"}
{"timestamp":"2026-05-11T16:35:03.850Z","tipo":"success","modulo":"COLETA-AUTO","mensagem":"EALT4: Cotação R$ 13.22"}
{"timestamp":"2026-05-11T16:35:06.003Z","tipo":"success","modulo":"COLETA-AUTO","mensagem":"ECOR3: Cotação R$ 8.92"}
{"timestamp":"2026-05-11T16:35:08.115Z","tipo":"success","modulo":"COLETA-AUTO","mensagem":"EGIE3: Cotação R$ 34.29"}
{"timestamp":"2026-05-11T16:35:10.192Z","tipo":"warning","modulo":"COLETA-AUTO","mensagem":"ELET3: Cotação indisponível"}
{"timestamp":"2026-05-11T16:35:10.293Z","tipo":"success","modulo":"COLETA-AUTO","mensagem":"ELMD3: Cotação R$ 31.00"}
{"timestamp":"2026-05-11T16:35:12.461Z","tipo":"success","modulo":"COLETA-AUTO","mensagem":"EMAE4: Cotação R$ 41.16"}
{"timestamp":"2026-05-11T16:35:14.535Z","tipo":"warning","modulo":"COLETA-AUTO","mensagem":"EMBR3: Cotação indisponível"}
{"timestamp":"2026-05-11T16:35:14.640Z","tipo":"success","modulo":"COLETA-AUTO","mensagem":"ENEV3: Cotação R$ 27.27"}
{"timestamp":"2026-05-11T16:35:16.768Z","tipo":"success","modulo":"COLETA-AUTO","mensagem":"ENGI11: Cotação R$ 52.73"}
{"timestamp":"2026-05-11T16:35:18.928Z","tipo":"success","modulo":"COLETA-AUTO","mensagem":"ENJU3: Cotação R$ 1.07"}
{"timestamp":"2026-05-11T16:35:21.058Z","tipo":"success","modulo":"COLETA-AUTO","mensagem":"EQTL3: Cotação R$ 42.31"}
{"timestamp":"2026-05-11T16:35:23.205Z","tipo":"success","modulo":"COLETA-AUTO","mensagem":"ESPA3: Cotação R$ 0.92"}
{"timestamp":"2026-05-11T16:35:25.355Z","tipo":"success","modulo":"COLETA-AUTO","mensagem":"ETER3: Cotação R$ 4.02"}
{"timestamp":"2026-05-11T16:35:27.508Z","tipo":"success","modulo":"COLETA-AUTO","mensagem":"EUCA4: Cotação R$ 22.90"}
{"timestamp":"2026-05-11T16:35:29.647Z","tipo":"success","modulo":"COLETA-AUTO","mensagem":"EVEN3: Cotação R$ 5.89"}
{"timestamp":"2026-05-11T16:35:31.814Z","tipo":"success","modulo":"COLETA-AUTO","mensagem":"EZTC3: Cotação R$ 13.42"}
{"timestamp":"2026-05-11T16:35:33.978Z","tipo":"success","modulo":"COLETA-AUTO","mensagem":"FESA4: Cotação R$ 7.30"}
{"timestamp":"2026-05-11T16:35:36.109Z","tipo":"success","modulo":"COLETA-AUTO","mensagem":"FHER3: Cotação R$ 4.17"}
{"timestamp":"2026-05-11T16:35:38.266Z","tipo":"success","modulo":"COLETA-AUTO","mensagem":"FLRY3: Cotação R$ 16.58"}
{"timestamp":"2026-05-11T16:35:40.397Z","tipo":"success","modulo":"COLETA-AUTO","mensagem":"FRAS3: Cotação R$ 22.20"}
{"timestamp":"2026-05-11T16:35:42.541Z","tipo":"success","modulo":"COLETA-AUTO","mensagem":"GFSA3: Cotação R$ 1.25"}
{"timestamp":"2026-05-11T16:35:44.665Z","tipo":"success","modulo":"COLETA-AUTO","mensagem":"GGBR4: Cotação R$ 23.88"}
{"timestamp":"2026-05-11T16:35:46.813Z","tipo":"success","modulo":"COLETA-AUTO","mensagem":"GMAT3: Cotação R$ 4.59"}
{"timestamp":"2026-05-11T16:35:48.940Z","tipo":"success","modulo":"COLETA-AUTO","mensagem":"GOAU4: Cotação R$ 10.44"}
{"timestamp":"2026-05-11T16:35:51.072Z","tipo":"success","modulo":"COLETA-AUTO","mensagem":"GOLL4: Cotação R$ 0.79"}
{"timestamp":"2026-05-11T16:35:53.215Z","tipo":"success","modulo":"COLETA-AUTO","mensagem":"GRND3: Cotação R$ 4.19"}
{"timestamp":"2026-05-11T16:35:55.292Z","tipo":"warning","modulo":"COLETA-AUTO","mensagem":"GUAR3: Cotação indisponível"}
{"timestamp":"2026-05-11T16:35:55.394Z","tipo":"success","modulo":"COLETA-AUTO","mensagem":"HAPV3: Cotação R$ 11.81"}
{"timestamp":"2026-05-11T16:35:57.511Z","tipo":"success","modulo":"COLETA-AUTO","mensagem":"HBOR3: Cotação R$ 2.30"}
{"timestamp":"2026-05-11T16:35:59.653Z","tipo":"success","modulo":"COLETA-AUTO","mensagem":"HBSA3: Cotação R$ 3.45"}
{"timestamp":"2026-05-11T16:36:01.796Z","tipo":"success","modulo":"COLETA-AUTO","mensagem":"HYPE3: Cotação R$ 23.36"}
{"timestamp":"2026-05-11T16:36:03.951Z","tipo":"success","modulo":"COLETA-AUTO","mensagem":"IGTI11: Cotação R$ 28.13"}
{"timestamp":"2026-05-11T16:36:06.021Z","tipo":"warning","modulo":"COLETA-AUTO","mensagem":"INBR32: Cotação indisponível"}
{"timestamp":"2026-05-11T16:36:06.117Z","tipo":"success","modulo":"COLETA-AUTO","mensagem":"INEP3: Cotação R$ 2.48"}
{"timestamp":"2026-05-11T16:36:08.254Z","tipo":"success","modulo":"COLETA-AUTO","mensagem":"INTB3: Cotação R$ 15.39"}
{"timestamp":"2026-05-11T16:36:10.396Z","tipo":"success","modulo":"COLETA-AUTO","mensagem":"IRBR3: Cotação R$ 53.27"}
{"timestamp":"2026-05-11T16:36:12.532Z","tipo":"success","modulo":"COLETA-AUTO","mensagem":"ISAE4: Cotação R$ 30.37"}
{"timestamp":"2026-05-11T16:36:14.661Z","tipo":"success","modulo":"COLETA-AUTO","mensagem":"ITSA4: Cotação R$ 13.50"}
{"timestamp":"2026-05-11T16:36:16.796Z","tipo":"success","modulo":"COLETA-AUTO","mensagem":"ITUB4: Cotação R$ 41.26"}
{"timestamp":"2026-05-11T16:36:18.925Z","tipo":"success","modulo":"COLETA-AUTO","mensagem":"JALL3: Cotação R$ 3.11"}
{"timestamp":"2026-05-11T16:36:21.316Z","tipo":"success","modulo":"COLETA-AUTO","mensagem":"JBSS3: Cotação R$ 39.03"}
{"timestamp":"2026-05-11T16:36:23.471Z","tipo":"success","modulo":"COLETA-AUTO","mensagem":"JHSF3: Cotação R$ 11.33"}
{"timestamp":"2026-05-11T16:36:25.599Z","tipo":"success","modulo":"COLETA-AUTO","mensagem":"JSLG3: Cotação R$ 7.04"}
{"timestamp":"2026-05-11T16:36:27.764Z","tipo":"success","modulo":"COLETA-AUTO","mensagem":"KEPL3: Cotação R$ 7.79"}
{"timestamp":"2026-05-11T16:36:29.896Z","tipo":"success","modulo":"COLETA-AUTO","mensagem":"KLBN11: Cotação R$ 17.19"}
{"timestamp":"2026-05-11T16:36:32.032Z","tipo":"success","modulo":"COLETA-AUTO","mensagem":"LAVV3: Cotação R$ 12.01"}
{"timestamp":"2026-05-11T16:36:34.179Z","tipo":"success","modulo":"COLETA-AUTO","mensagem":"LEVE3: Cotação R$ 34.43"}
{"timestamp":"2026-05-11T16:36:36.322Z","tipo":"success","modulo":"COLETA-AUTO","mensagem":"LIGT3: Cotação R$ 4.17"}
{"timestamp":"2026-05-11T16:36:38.470Z","tipo":"success","modulo":"COLETA-AUTO","mensagem":"LJQQ3: Cotação R$ 1.54"}
{"timestamp":"2026-05-11T16:36:40.587Z","tipo":"success","modulo":"COLETA-AUTO","mensagem":"LOGG3: Cotação R$ 27.21"}
{"timestamp":"2026-05-11T16:36:42.687Z","tipo":"success","modulo":"COLETA-AUTO","mensagem":"LOGN3: Cotação R$ 30.26"}
{"timestamp":"2026-05-11T16:36:44.826Z","tipo":"success","modulo":"COLETA-AUTO","mensagem":"LPSB3: Cotação R$ 1.79"}
{"timestamp":"2026-05-11T16:36:46.930Z","tipo":"success","modulo":"COLETA-AUTO","mensagem":"LREN3: Cotação R$ 14.35"}
{"timestamp":"2026-05-11T16:36:49.049Z","tipo":"success","modulo":"COLETA-AUTO","mensagem":"LUPA3: Cotação R$ 0.72"}
{"timestamp":"2026-05-11T16:36:51.184Z","tipo":"success","modulo":"COLETA-AUTO","mensagem":"LWSA3: Cotação R$ 3.91"}
{"timestamp":"2026-05-11T16:36:53.258Z","tipo":"warning","modulo":"COLETA-AUTO","mensagem":"MBLY3: Cotação indisponível"}
{"timestamp":"2026-05-11T16:36:53.364Z","tipo":"success","modulo":"COLETA-AUTO","mensagem":"MDIA3: Cotação R$ 21.25"}
{"timestamp":"2026-05-11T16:36:55.504Z","tipo":"success","modulo":"COLETA-AUTO","mensagem":"MDNE3: Cotação R$ 29.57"}
{"timestamp":"2026-05-11T16:36:57.639Z","tipo":"success","modulo":"COLETA-AUTO","mensagem":"MEAL3: Cotação R$ 1.09"}
{"timestamp":"2026-05-11T16:36:59.790Z","tipo":"success","modulo":"COLETA-AUTO","mensagem":"MELK3: Cotação R$ 3.30"}
{"timestamp":"2026-05-11T16:37:01.952Z","tipo":"success","modulo":"COLETA-AUTO","mensagem":"MGLU3: Cotação R$ 7.15"}
{"timestamp":"2026-05-11T16:37:04.070Z","tipo":"success","modulo":"COLETA-AUTO","mensagem":"MILS3: Cotação R$ 12.89"}
{"timestamp":"2026-05-11T16:37:06.216Z","tipo":"success","modulo":"COLETA-AUTO","mensagem":"MNPR3: Cotação R$ 3.91"}
{"timestamp":"2026-05-11T16:37:08.348Z","tipo":"success","modulo":"COLETA-AUTO","mensagem":"MOTV3: Cotação R$ 15.87"}
{"timestamp":"2026-05-11T16:37:10.493Z","tipo":"success","modulo":"COLETA-AUTO","mensagem":"MOVI3: Cotação R$ 11.74"}
{"timestamp":"2026-05-11T16:37:12.564Z","tipo":"warning","modulo":"COLETA-AUTO","mensagem":"MRFG3: Cotação indisponível"}
{"timestamp":"2026-05-11T16:37:12.661Z","tipo":"success","modulo":"COLETA-AUTO","mensagem":"MRVE3: Cotação R$ 6.69"}
{"timestamp":"2026-05-11T16:37:14.820Z","tipo":"success","modulo":"COLETA-AUTO","mensagem":"MTRE3: Cotação R$ 3.63"}
{"timestamp":"2026-05-11T16:37:16.993Z","tipo":"success","modulo":"COLETA-AUTO","mensagem":"MTSA4: Cotação R$ 57.40"}
{"timestamp":"2026-05-11T16:37:19.121Z","tipo":"success","modulo":"COLETA-AUTO","mensagem":"MULT3: Cotação R$ 31.80"}
{"timestamp":"2026-05-11T16:37:21.234Z","tipo":"success","modulo":"COLETA-AUTO","mensagem":"MYPK3: Cotação R$ 9.74"}
{"timestamp":"2026-05-11T16:37:23.360Z","tipo":"success","modulo":"COLETA-AUTO","mensagem":"NEOE3: Cotação R$ 33.80"}
{"timestamp":"2026-05-11T16:37:25.485Z","tipo":"success","modulo":"COLETA-AUTO","mensagem":"NGRD3: Cotação R$ 33.24"}
{"timestamp":"2026-05-11T16:37:27.607Z","tipo":"success","modulo":"COLETA-AUTO","mensagem":"NTCO3: Cotação R$ 10.80"}
{"timestamp":"2026-05-11T16:37:29.675Z","tipo":"warning","modulo":"COLETA-AUTO","mensagem":"ODPV3: Cotação indisponível"}
{"timestamp":"2026-05-11T16:37:29.786Z","tipo":"success","modulo":"COLETA-AUTO","mensagem":"OFSA3: Cotação R$ 33.54"}
{"timestamp":"2026-05-11T16:37:31.908Z","tipo":"success","modulo":"COLETA-AUTO","mensagem":"OIBR3: Cotação R$ 0.14"}
{"timestamp":"2026-05-11T16:37:34.042Z","tipo":"success","modulo":"COLETA-AUTO","mensagem":"ONCO3: Cotação R$ 1.26"}
{"timestamp":"2026-05-11T16:37:36.181Z","tipo":"success","modulo":"COLETA-AUTO","mensagem":"ORVR3: Cotação R$ 82.54"}
{"timestamp":"2026-05-11T16:37:38.313Z","tipo":"success","modulo":"COLETA-AUTO","mensagem":"PCAR3: Cotação R$ 2.40"}
{"timestamp":"2026-05-11T16:37:40.457Z","tipo":"success","modulo":"COLETA-AUTO","mensagem":"PDGR3: Cotação R$ 1.56"}
{"timestamp":"2026-05-11T16:37:42.606Z","tipo":"success","modulo":"COLETA-AUTO","mensagem":"PETR4: Cotação R$ 45.67"}
{"timestamp":"2026-05-11T16:37:44.782Z","tipo":"success","modulo":"COLETA-AUTO","mensagem":"PETZ3: Cotação R$ 4.39"}
{"timestamp":"2026-05-11T16:37:46.928Z","tipo":"success","modulo":"COLETA-AUTO","mensagem":"PFRM3: Cotação R$ 7.17"}
{"timestamp":"2026-05-11T16:37:49.070Z","tipo":"success","modulo":"COLETA-AUTO","mensagem":"PGMN3: Cotação R$ 5.10"}
{"timestamp":"2026-05-11T16:37:51.180Z","tipo":"success","modulo":"COLETA-AUTO","mensagem":"PINE4: Cotação R$ 13.40"}
{"timestamp":"2026-05-11T16:37:53.345Z","tipo":"success","modulo":"COLETA-AUTO","mensagem":"PLPL3: Cotação R$ 10.55"}
{"timestamp":"2026-05-11T16:37:55.478Z","tipo":"success","modulo":"COLETA-AUTO","mensagem":"PMAM3: Cotação R$ 0.59"}
{"timestamp":"2026-05-11T16:37:57.627Z","tipo":"success","modulo":"COLETA-AUTO","mensagem":"PNVL3: Cotação R$ 13.59"}
{"timestamp":"2026-05-11T16:37:59.772Z","tipo":"success","modulo":"COLETA-AUTO","mensagem":"POMO4: Cotação R$ 6.44"}
{"timestamp":"2026-05-11T16:38:01.909Z","tipo":"success","modulo":"COLETA-AUTO","mensagem":"PORT3: Cotação R$ 18.76"}
{"timestamp":"2026-05-11T16:38:04.055Z","tipo":"success","modulo":"COLETA-AUTO","mensagem":"POSI3: Cotação R$ 4.46"}
{"timestamp":"2026-05-11T16:38:06.195Z","tipo":"success","modulo":"COLETA-AUTO","mensagem":"PRIO3: Cotação R$ 63.27"}
{"timestamp":"2026-05-11T16:38:08.315Z","tipo":"success","modulo":"COLETA-AUTO","mensagem":"PRNR3: Cotação R$ 18.95"}
{"timestamp":"2026-05-11T16:38:10.448Z","tipo":"success","modulo":"COLETA-AUTO","mensagem":"PSSA3: Cotação R$ 51.49"}
{"timestamp":"2026-05-11T16:38:12.603Z","tipo":"success","modulo":"COLETA-AUTO","mensagem":"PTBL3: Cotação R$ 2.16"}
{"timestamp":"2026-05-11T16:38:14.721Z","tipo":"success","modulo":"COLETA-AUTO","mensagem":"PTNT4: Cotação R$ 8.70"}
{"timestamp":"2026-05-11T16:38:16.847Z","tipo":"success","modulo":"COLETA-AUTO","mensagem":"QUAL3: Cotação R$ 1.90"}
{"timestamp":"2026-05-11T16:38:18.973Z","tipo":"success","modulo":"COLETA-AUTO","mensagem":"RADL3: Cotação R$ 20.97"}
{"timestamp":"2026-05-11T16:38:21.130Z","tipo":"success","modulo":"COLETA-AUTO","mensagem":"RAIL3: Cotação R$ 16.93"}
{"timestamp":"2026-05-11T16:38:23.272Z","tipo":"success","modulo":"COLETA-AUTO","mensagem":"RAIl3: Cotação R$ 16.93"}
{"timestamp":"2026-05-11T16:38:25.430Z","tipo":"success","modulo":"COLETA-AUTO","mensagem":"RANI3: Cotação R$ 7.75"}
{"timestamp":"2026-05-11T16:38:27.595Z","tipo":"success","modulo":"COLETA-AUTO","mensagem":"RAPT4: Cotação R$ 5.45"}
{"timestamp":"2026-05-11T16:38:29.743Z","tipo":"success","modulo":"COLETA-AUTO","mensagem":"RDNI3: Cotação R$ 2.14"}
{"timestamp":"2026-05-11T16:38:31.888Z","tipo":"success","modulo":"COLETA-AUTO","mensagem":"RDOR3: Cotação R$ 38.31"}
{"timestamp":"2026-05-11T16:38:34.045Z","tipo":"success","modulo":"COLETA-AUTO","mensagem":"RECV3: Cotação R$ 12.43"}
{"timestamp":"2026-05-11T16:38:36.169Z","tipo":"success","modulo":"COLETA-AUTO","mensagem":"REDE3: Cotação R$ 6.21"}
{"timestamp":"2026-05-11T16:38:38.311Z","tipo":"success","modulo":"COLETA-AUTO","mensagem":"RENT3: Cotação R$ 49.88"}
{"timestamp":"2026-05-11T16:38:40.403Z","tipo":"success","modulo":"COLETA-AUTO","mensagem":"ROMI3: Cotação R$ 6.75"}
{"timestamp":"2026-05-11T16:38:42.531Z","tipo":"success","modulo":"COLETA-AUTO","mensagem":"SANB11: Cotação R$ 28.55"}
{"timestamp":"2026-05-11T16:38:44.684Z","tipo":"success","modulo":"COLETA-AUTO","mensagem":"SAPR4: Cotação R$ 8.20"}
{"timestamp":"2026-05-11T16:38:46.810Z","tipo":"success","modulo":"COLETA-AUTO","mensagem":"SBFG3: Cotação R$ 11.28"}
{"timestamp":"2026-05-11T16:38:48.959Z","tipo":"success","modulo":"COLETA-AUTO","mensagem":"SBSP3: Cotação R$ 31.13"}
{"timestamp":"2026-05-11T16:38:51.080Z","tipo":"success","modulo":"COLETA-AUTO","mensagem":"SEER3: Cotação R$ 13.47"}
{"timestamp":"2026-05-11T16:38:53.216Z","tipo":"success","modulo":"COLETA-AUTO","mensagem":"SEQL3: Cotação R$ 0.12"}
{"timestamp":"2026-05-11T16:38:55.357Z","tipo":"success","modulo":"COLETA-AUTO","mensagem":"SHOW3: Cotação R$ 5.60"}
{"timestamp":"2026-05-11T16:38:57.507Z","tipo":"success","modulo":"COLETA-AUTO","mensagem":"SHUL4: Cotação R$ 5.24"}
{"timestamp":"2026-05-11T16:38:59.651Z","tipo":"success","modulo":"COLETA-AUTO","mensagem":"SIMH3: Cotação R$ 10.51"}
{"timestamp":"2026-05-11T16:39:01.802Z","tipo":"success","modulo":"COLETA-AUTO","mensagem":"SLCE3: Cotação R$ 17.33"}
{"timestamp":"2026-05-11T16:39:03.975Z","tipo":"success","modulo":"COLETA-AUTO","mensagem":"SMFT3: Cotação R$ 20.22"}
{"timestamp":"2026-05-11T16:39:06.128Z","tipo":"success","modulo":"COLETA-AUTO","mensagem":"SMTO3: Cotação R$ 16.80"}
{"timestamp":"2026-05-11T16:39:08.281Z","tipo":"success","modulo":"COLETA-AUTO","mensagem":"SOJA3: Cotação R$ 6.93"}
{"timestamp":"2026-05-11T16:39:10.391Z","tipo":"success","modulo":"COLETA-AUTO","mensagem":"STBP3: Cotação R$ 14.42"}
{"timestamp":"2026-05-11T16:39:12.524Z","tipo":"success","modulo":"COLETA-AUTO","mensagem":"SUZB3: Cotação R$ 43.70"}
{"timestamp":"2026-05-11T16:39:14.646Z","tipo":"success","modulo":"COLETA-AUTO","mensagem":"TAEE11: Cotação R$ 40.96"}
{"timestamp":"2026-05-11T16:39:16.798Z","tipo":"success","modulo":"COLETA-AUTO","mensagem":"TASA4: Cotação R$ 4.87"}
{"timestamp":"2026-05-11T16:39:18.908Z","tipo":"success","modulo":"COLETA-AUTO","mensagem":"TCSA3: Cotação R$ 1.26"}
{"timestamp":"2026-05-11T16:39:21.044Z","tipo":"success","modulo":"COLETA-AUTO","mensagem":"TECN3: Cotação R$ 8.60"}
{"timestamp":"2026-05-11T16:39:23.164Z","tipo":"success","modulo":"COLETA-AUTO","mensagem":"TEND3: Cotação R$ 30.20"}
{"timestamp":"2026-05-11T16:39:25.320Z","tipo":"success","modulo":"COLETA-AUTO","mensagem":"TFCO4: Cotação R$ 15.81"}
{"timestamp":"2026-05-11T16:39:27.469Z","tipo":"success","modulo":"COLETA-AUTO","mensagem":"TGMA3: Cotação R$ 31.00"}
{"timestamp":"2026-05-11T16:39:29.604Z","tipo":"success","modulo":"COLETA-AUTO","mensagem":"TIMS3: Cotação R$ 23.33"}
{"timestamp":"2026-05-11T16:39:31.729Z","tipo":"success","modulo":"COLETA-AUTO","mensagem":"TOTS3: Cotação R$ 35.21"}
{"timestamp":"2026-05-11T16:39:33.847Z","tipo":"success","modulo":"COLETA-AUTO","mensagem":"TPIS3: Cotação R$ 10.52"}
{"timestamp":"2026-05-11T16:39:36.011Z","tipo":"success","modulo":"COLETA-AUTO","mensagem":"TRIS3: Cotação R$ 4.66"}
{"timestamp":"2026-05-11T16:39:38.170Z","tipo":"success","modulo":"COLETA-AUTO","mensagem":"TTEN3: Cotação R$ 16.86"}
{"timestamp":"2026-05-11T16:39:40.304Z","tipo":"success","modulo":"COLETA-AUTO","mensagem":"TUPY3: Cotação R$ 14.59"}
{"timestamp":"2026-05-11T16:39:42.450Z","tipo":"success","modulo":"COLETA-AUTO","mensagem":"UCAS3: Cotação R$ 1.36"}
{"timestamp":"2026-05-11T16:39:44.566Z","tipo":"success","modulo":"COLETA-AUTO","mensagem":"UGPA3: Cotação R$ 30.16"}
{"timestamp":"2026-05-11T16:39:46.706Z","tipo":"success","modulo":"COLETA-AUTO","mensagem":"UNIP6: Cotação R$ 62.39"}
{"timestamp":"2026-05-11T16:39:48.816Z","tipo":"success","modulo":"COLETA-AUTO","mensagem":"USIM5: Cotação R$ 8.99"}
{"timestamp":"2026-05-11T16:39:50.965Z","tipo":"success","modulo":"COLETA-AUTO","mensagem":"VALE3: Cotação R$ 81.49"}
{"timestamp":"2026-05-11T16:39:53.101Z","tipo":"success","modulo":"COLETA-AUTO","mensagem":"VAMO3: Cotação R$ 3.76"}
{"timestamp":"2026-05-11T16:39:55.255Z","tipo":"success","modulo":"COLETA-AUTO","mensagem":"VBBR3: Cotação R$ 33.80"}
{"timestamp":"2026-05-11T16:39:57.395Z","tipo":"success","modulo":"COLETA-AUTO","mensagem":"VITT3: Cotação R$ 3.42"}
{"timestamp":"2026-05-11T16:39:59.564Z","tipo":"success","modulo":"COLETA-AUTO","mensagem":"VIVA3: Cotação R$ 24.77"}
{"timestamp":"2026-05-11T16:40:01.701Z","tipo":"success","modulo":"COLETA-AUTO","mensagem":"VIVT3: Cotação R$ 38.36"}
{"timestamp":"2026-05-11T16:40:03.831Z","tipo":"success","modulo":"COLETA-AUTO","mensagem":"VLID3: Cotação R$ 18.75"}
{"timestamp":"2026-05-11T16:40:05.965Z","tipo":"success","modulo":"COLETA-AUTO","mensagem":"VSTE3: Cotação R$ 3.83"}
{"timestamp":"2026-05-11T16:40:08.091Z","tipo":"success","modulo":"COLETA-AUTO","mensagem":"VULC3: Cotação R$ 16.10"}
{"timestamp":"2026-05-11T16:40:10.230Z","tipo":"success","modulo":"COLETA-AUTO","mensagem":"WEGE3: Cotação R$ 45.52"}
{"timestamp":"2026-05-11T16:40:12.380Z","tipo":"success","modulo":"COLETA-AUTO","mensagem":"WEST3: Cotação R$ 7.99"}
{"timestamp":"2026-05-11T16:40:14.504Z","tipo":"success","modulo":"COLETA-AUTO","mensagem":"WHRL4: Cotação R$ 4.34"}
{"timestamp":"2026-05-11T16:40:16.644Z","tipo":"success","modulo":"COLETA-AUTO","mensagem":"WIZC3: Cotação R$ 7.95"}
{"timestamp":"2026-05-11T16:40:18.808Z","tipo":"success","modulo":"COLETA-AUTO","mensagem":"YDUQ3: Cotação R$ 10.96"}
{"timestamp":"2026-05-11T16:40:20.938Z","tipo":"success","modulo":"COLETA-AUTO","mensagem":"ZAMP3: Cotação R$ 3.50"}
{"timestamp":"2026-05-11T16:40:22.942Z","tipo":"info","modulo":"COLETA-AUTO","mensagem":"Coleta diária concluída","detalhes":{"total":221,"sucessos":214,"erros":0,"jaColetados":0}}
{"timestamp":"2026-05-11T16:40:22.946Z","tipo":"info","modulo":"COLETA-AUTO","mensagem":"Iniciando verificação de dados trimestrais"}
{"timestamp":"2026-05-11T16:40:22.957Z","tipo":"info","modulo":"COLETA-AUTO","mensagem":"221 empresas ativas para verificar"}
{"timestamp":"2026-05-11T16:40:23.232Z","tipo":"info","modulo":"COLETA-AUTO","mensagem":"Verificação trimestral concluída","detalhes":{"total":221,"sucessos":0,"erros":0,"jaAtualizados":221}}
{"timestamp":"2026-05-11T16:55:41.400Z","tipo":"success","modulo":"SERVIDOR","mensagem":"Servidor iniciado na porta 3000","detalhes":{"urls":{"dashboard":"http://localhost:3000/dashboard.html","relatorios":"http://localhost:3000/relatorios.html","api":"http://localhost:3000/api/empresas"}}}
{"timestamp":"2026-05-11T16:55:41.403Z","tipo":"info","modulo":"SISTEMA","mensagem":"Iniciando serviço de coleta automática"}
{"timestamp":"2026-05-11T16:55:41.407Z","tipo":"success","modulo":"SISTEMA","mensagem":"Serviço de coleta automática iniciado com sucesso","detalhes":{"agendamentos":["9h diário","18h diário","a cada 3h trimestral"]}}
{"timestamp":"2026-05-11T16:55:46.419Z","tipo":"info","modulo":"SISTEMA","mensagem":"Executando coleta inicial após startup"}
{"timestamp":"2026-05-11T16:55:46.421Z","tipo":"info","modulo":"COLETA-AUTO","mensagem":"Iniciando coleta de dados diários"}
{"timestamp":"2026-05-11T16:55:46.430Z","tipo":"info","modulo":"COLETA-AUTO","mensagem":"221 empresas para coleta diária"}
{"timestamp":"2026-05-11T16:55:46.626Z","tipo":"success","modulo":"COLETA-AUTO","mensagem":"AALR3: Cotação R$ 3.10"}
{"timestamp":"2026-05-11T16:55:48.761Z","tipo":"success","modulo":"COLETA-AUTO","mensagem":"ABCB4: Cotação R$ 24.31"}
{"timestamp":"2026-05-11T16:55:50.875Z","tipo":"success","modulo":"COLETA-AUTO","mensagem":"ABEV3: Cotação R$ 16.32"}
{"timestamp":"2026-05-11T16:55:52.994Z","tipo":"success","modulo":"COLETA-AUTO","mensagem":"AERI3: Cotação R$ 2.58"}
{"timestamp":"2026-05-11T16:55:55.123Z","tipo":"success","modulo":"COLETA-AUTO","mensagem":"AESB3: Cotação R$ 8.11"}
{"timestamp":"2026-05-11T16:55:57.260Z","tipo":"success","modulo":"COLETA-AUTO","mensagem":"AGRO3: Cotação R$ 19.06"}
{"timestamp":"2026-05-11T16:55:59.379Z","tipo":"success","modulo":"COLETA-AUTO","mensagem":"ALOS3: Cotação R$ 30.35"}
{"timestamp":"2026-05-11T16:56:01.506Z","tipo":"success","modulo":"COLETA-AUTO","mensagem":"ALPA4: Cotação R$ 12.29"}
{"timestamp":"2026-05-11T16:56:03.650Z","tipo":"success","modulo":"COLETA-AUTO","mensagem":"ALPK3: Cotação R$ 4.33"}
{"timestamp":"2026-05-11T16:56:05.772Z","tipo":"success","modulo":"COLETA-AUTO","mensagem":"ALUP11: Cotação R$ 34.80"}
{"timestamp":"2026-05-11T16:56:07.909Z","tipo":"success","modulo":"COLETA-AUTO","mensagem":"AMAR3: Cotação R$ 0.82"}
{"timestamp":"2026-05-11T16:56:10.053Z","tipo":"success","modulo":"COLETA-AUTO","mensagem":"AMBP3: Cotação R$ 0.20"}
{"timestamp":"2026-05-11T16:56:12.184Z","tipo":"success","modulo":"COLETA-AUTO","mensagem":"AMER3: Cotação R$ 5.45"}
{"timestamp":"2026-05-11T16:56:14.311Z","tipo":"success","modulo":"COLETA-AUTO","mensagem":"ANIM3: Cotação R$ 3.84"}
{"timestamp":"2026-05-11T16:56:16.442Z","tipo":"success","modulo":"COLETA-AUTO","mensagem":"ASAI3: Cotação R$ 9.28"}
{"timestamp":"2026-05-11T16:56:18.541Z","tipo":"success","modulo":"COLETA-AUTO","mensagem":"AURA33: Cotação R$ 133.20"}
{"timestamp":"2026-05-11T16:56:20.665Z","tipo":"success","modulo":"COLETA-AUTO","mensagem":"AZEV4: Cotação R$ 0.14"}
{"timestamp":"2026-05-11T16:56:22.779Z","tipo":"success","modulo":"COLETA-AUTO","mensagem":"AZUL4: Cotação R$ 0.81"}
{"timestamp":"2026-05-11T16:56:24.936Z","tipo":"success","modulo":"COLETA-AUTO","mensagem":"AZZA3: Cotação R$ 20.40"}
{"timestamp":"2026-05-11T16:56:27.045Z","tipo":"success","modulo":"COLETA-AUTO","mensagem":"B3SA3: Cotação R$ 17.93"}
{"timestamp":"2026-05-11T16:56:29.147Z","tipo":"success","modulo":"COLETA-AUTO","mensagem":"BAZA3: Cotação R$ 83.99"}
{"timestamp":"2026-05-11T16:56:31.237Z","tipo":"success","modulo":"COLETA-AUTO","mensagem":"BBAS3: Cotação R$ 21.80"}
{"timestamp":"2026-05-11T16:56:33.406Z","tipo":"success","modulo":"COLETA-AUTO","mensagem":"BBDC4: Cotação R$ 18.59"}
{"timestamp":"2026-05-11T16:56:35.519Z","tipo":"success","modulo":"COLETA-AUTO","mensagem":"BBSE3: Cotação R$ 34.52"}
{"timestamp":"2026-05-11T16:56:37.622Z","tipo":"success","modulo":"COLETA-AUTO","mensagem":"BEEF3: Cotação R$ 4.10"}
{"timestamp":"2026-05-11T16:56:39.737Z","tipo":"success","modulo":"COLETA-AUTO","mensagem":"BEES3: Cotação R$ 9.03"}
{"timestamp":"2026-05-11T16:56:41.847Z","tipo":"success","modulo":"COLETA-AUTO","mensagem":"BHIA3: Cotação R$ 2.16"}
{"timestamp":"2026-05-11T16:56:43.948Z","tipo":"success","modulo":"COLETA-AUTO","mensagem":"BMEB4: Cotação R$ 71.30"}
{"timestamp":"2026-05-11T16:56:46.039Z","tipo":"success","modulo":"COLETA-AUTO","mensagem":"BMGB4: Cotação R$ 5.44"}
{"timestamp":"2026-05-11T16:56:48.162Z","tipo":"success","modulo":"COLETA-AUTO","mensagem":"BMOB3: Cotação R$ 26.06"}
{"timestamp":"2026-05-11T16:56:50.266Z","tipo":"success","modulo":"COLETA-AUTO","mensagem":"BOBR4: Cotação R$ 1.23"}
{"timestamp":"2026-05-11T16:56:52.379Z","tipo":"success","modulo":"COLETA-AUTO","mensagem":"BPAC11: Cotação R$ 58.65"}
{"timestamp":"2026-05-11T16:56:54.494Z","tipo":"success","modulo":"COLETA-AUTO","mensagem":"BPAN4: Cotação R$ 12.75"}
{"timestamp":"2026-05-11T16:56:56.627Z","tipo":"success","modulo":"COLETA-AUTO","mensagem":"BRAP4: Cotação R$ 23.01"}
{"timestamp":"2026-05-11T16:56:58.764Z","tipo":"success","modulo":"COLETA-AUTO","mensagem":"BRAV3: Cotação R$ 17.54"}
{"timestamp":"2026-05-11T16:57:00.866Z","tipo":"success","modulo":"COLETA-AUTO","mensagem":"BRFS3: Cotação R$ 17.95"}
{"timestamp":"2026-05-11T16:57:02.965Z","tipo":"success","modulo":"COLETA-AUTO","mensagem":"BRKM5: Cotação R$ 8.99"}
{"timestamp":"2026-05-11T16:57:05.067Z","tipo":"success","modulo":"COLETA-AUTO","mensagem":"BRSR6: Cotação R$ 15.26"}
{"timestamp":"2026-05-11T16:57:07.239Z","tipo":"success","modulo":"COLETA-AUTO","mensagem":"CAMB3: Cotação R$ 10.14"}
{"timestamp":"2026-05-11T16:57:09.354Z","tipo":"success","modulo":"COLETA-AUTO","mensagem":"CAML3: Cotação R$ 5.91"}
{"timestamp":"2026-05-11T16:57:11.472Z","tipo":"success","modulo":"COLETA-AUTO","mensagem":"CASH3: Cotação R$ 4.33"}
{"timestamp":"2026-05-11T16:57:13.585Z","tipo":"success","modulo":"COLETA-AUTO","mensagem":"CEAB3: Cotação R$ 12.23"}
{"timestamp":"2026-05-11T16:57:15.690Z","tipo":"success","modulo":"COLETA-AUTO","mensagem":"CEBR3: Cotação R$ 29.51"}
{"timestamp":"2026-05-11T16:57:17.824Z","tipo":"success","modulo":"COLETA-AUTO","mensagem":"CGRA4: Cotação R$ 25.99"}
{"timestamp":"2026-05-11T16:57:19.949Z","tipo":"success","modulo":"COLETA-AUTO","mensagem":"CLSC4: Cotação R$ 151.33"}
{"timestamp":"2026-05-11T16:57:22.070Z","tipo":"success","modulo":"COLETA-AUTO","mensagem":"CMIG4: Cotação R$ 11.77"}
{"timestamp":"2026-05-11T16:57:24.186Z","tipo":"success","modulo":"COLETA-AUTO","mensagem":"CMIN3: Cotação R$ 4.81"}
{"timestamp":"2026-05-11T16:57:26.305Z","tipo":"success","modulo":"COLETA-AUTO","mensagem":"COCE5: Cotação R$ 34.17"}
{"timestamp":"2026-05-11T16:57:28.442Z","tipo":"success","modulo":"COLETA-AUTO","mensagem":"COGN3: Cotação R$ 2.82"}
{"timestamp":"2026-05-11T16:57:30.612Z","tipo":"success","modulo":"COLETA-AUTO","mensagem":"CPFE3: Cotação R$ 48.94"}
{"timestamp":"2026-05-11T16:57:32.776Z","tipo":"success","modulo":"COLETA-AUTO","mensagem":"CPLE6: Cotação R$ 14.26"}
{"timestamp":"2026-05-11T16:57:34.899Z","tipo":"success","modulo":"COLETA-AUTO","mensagem":"CRFB3: Cotação R$ 8.48"}
{"timestamp":"2026-05-11T16:57:36.997Z","tipo":"success","modulo":"COLETA-AUTO","mensagem":"CSAN3: Cotação R$ 5.14"}
{"timestamp":"2026-05-11T16:57:39.115Z","tipo":"success","modulo":"COLETA-AUTO","mensagem":"CSED3: Cotação R$ 5.63"}
{"timestamp":"2026-05-11T16:57:41.235Z","tipo":"success","modulo":"COLETA-AUTO","mensagem":"CSMG3: Cotação R$ 54.44"}
{"timestamp":"2026-05-11T16:57:43.346Z","tipo":"success","modulo":"COLETA-AUTO","mensagem":"CSNA3: Cotação R$ 6.68"}
{"timestamp":"2026-05-11T16:57:45.464Z","tipo":"success","modulo":"COLETA-AUTO","mensagem":"CSUD3: Cotação R$ 17.05"}
{"timestamp":"2026-05-11T16:57:47.611Z","tipo":"success","modulo":"COLETA-AUTO","mensagem":"CURY3: Cotação R$ 31.27"}
{"timestamp":"2026-05-11T16:57:49.753Z","tipo":"success","modulo":"COLETA-AUTO","mensagem":"CVCB3: Cotação R$ 2.21"}
{"timestamp":"2026-05-11T16:57:51.868Z","tipo":"success","modulo":"COLETA-AUTO","mensagem":"CYRE3: Cotação R$ 22.33"}
{"timestamp":"2026-05-11T16:57:53.960Z","tipo":"success","modulo":"COLETA-AUTO","mensagem":"DASA3: Cotação R$ 3.31"}
{"timestamp":"2026-05-11T16:57:56.068Z","tipo":"success","modulo":"COLETA-AUTO","mensagem":"DEXP3: Cotação R$ 7.27"}
{"timestamp":"2026-05-11T16:57:58.196Z","tipo":"success","modulo":"COLETA-AUTO","mensagem":"DIRR3: Cotação R$ 13.21"}
{"timestamp":"2026-05-11T16:58:00.309Z","tipo":"success","modulo":"COLETA-AUTO","mensagem":"DMVF3: Cotação R$ 6.75"}
{"timestamp":"2026-05-11T16:58:02.447Z","tipo":"success","modulo":"COLETA-AUTO","mensagem":"DXCO3: Cotação R$ 5.77"}
{"timestamp":"2026-05-11T16:58:04.552Z","tipo":"success","modulo":"COLETA-AUTO","mensagem":"EALT4: Cotação R$ 13.22"}
{"timestamp":"2026-05-11T16:58:06.674Z","tipo":"success","modulo":"COLETA-AUTO","mensagem":"ECOR3: Cotação R$ 8.92"}
{"timestamp":"2026-05-11T16:58:08.762Z","tipo":"success","modulo":"COLETA-AUTO","mensagem":"EGIE3: Cotação R$ 34.29"}
{"timestamp":"2026-05-11T16:58:10.823Z","tipo":"warning","modulo":"COLETA-AUTO","mensagem":"ELET3: Cotação indisponível"}
{"timestamp":"2026-05-11T16:58:10.913Z","tipo":"success","modulo":"COLETA-AUTO","mensagem":"ELMD3: Cotação R$ 31.00"}
{"timestamp":"2026-05-11T16:58:13.091Z","tipo":"success","modulo":"COLETA-AUTO","mensagem":"EMAE4: Cotação R$ 41.16"}
{"timestamp":"2026-05-11T16:58:15.168Z","tipo":"warning","modulo":"COLETA-AUTO","mensagem":"EMBR3: Cotação indisponível"}
{"timestamp":"2026-05-11T16:58:15.246Z","tipo":"success","modulo":"COLETA-AUTO","mensagem":"ENEV3: Cotação R$ 27.27"}
{"timestamp":"2026-05-11T16:58:17.362Z","tipo":"success","modulo":"COLETA-AUTO","mensagem":"ENGI11: Cotação R$ 52.73"}
{"timestamp":"2026-05-11T16:58:19.494Z","tipo":"success","modulo":"COLETA-AUTO","mensagem":"ENJU3: Cotação R$ 1.07"}
{"timestamp":"2026-05-11T16:58:21.613Z","tipo":"success","modulo":"COLETA-AUTO","mensagem":"EQTL3: Cotação R$ 42.31"}
{"timestamp":"2026-05-11T16:58:23.705Z","tipo":"success","modulo":"COLETA-AUTO","mensagem":"ESPA3: Cotação R$ 0.92"}
{"timestamp":"2026-05-11T16:58:25.799Z","tipo":"success","modulo":"COLETA-AUTO","mensagem":"ETER3: Cotação R$ 4.02"}
{"timestamp":"2026-05-11T16:58:27.878Z","tipo":"success","modulo":"COLETA-AUTO","mensagem":"EUCA4: Cotação R$ 22.90"}
{"timestamp":"2026-05-11T16:58:29.980Z","tipo":"success","modulo":"COLETA-AUTO","mensagem":"EVEN3: Cotação R$ 5.89"}
{"timestamp":"2026-05-11T16:58:32.067Z","tipo":"success","modulo":"COLETA-AUTO","mensagem":"EZTC3: Cotação R$ 13.42"}
{"timestamp":"2026-05-11T16:58:34.204Z","tipo":"success","modulo":"COLETA-AUTO","mensagem":"FESA4: Cotação R$ 7.30"}
{"timestamp":"2026-05-11T16:58:36.325Z","tipo":"success","modulo":"COLETA-AUTO","mensagem":"FHER3: Cotação R$ 4.17"}
{"timestamp":"2026-05-11T16:58:38.451Z","tipo":"success","modulo":"COLETA-AUTO","mensagem":"FLRY3: Cotação R$ 16.58"}
{"timestamp":"2026-05-11T16:58:40.567Z","tipo":"success","modulo":"COLETA-AUTO","mensagem":"FRAS3: Cotação R$ 22.20"}
{"timestamp":"2026-05-11T16:58:42.705Z","tipo":"success","modulo":"COLETA-AUTO","mensagem":"GFSA3: Cotação R$ 1.25"}
{"timestamp":"2026-05-11T16:58:44.856Z","tipo":"success","modulo":"COLETA-AUTO","mensagem":"GGBR4: Cotação R$ 23.88"}
{"timestamp":"2026-05-11T16:58:46.995Z","tipo":"success","modulo":"COLETA-AUTO","mensagem":"GMAT3: Cotação R$ 4.59"}
{"timestamp":"2026-05-11T16:58:49.114Z","tipo":"success","modulo":"COLETA-AUTO","mensagem":"GOAU4: Cotação R$ 10.44"}
{"timestamp":"2026-05-11T16:58:51.225Z","tipo":"success","modulo":"COLETA-AUTO","mensagem":"GOLL4: Cotação R$ 0.79"}
{"timestamp":"2026-05-11T16:58:53.352Z","tipo":"success","modulo":"COLETA-AUTO","mensagem":"GRND3: Cotação R$ 4.19"}
{"timestamp":"2026-05-11T16:58:55.436Z","tipo":"warning","modulo":"COLETA-AUTO","mensagem":"GUAR3: Cotação indisponível"}
{"timestamp":"2026-05-11T16:58:55.525Z","tipo":"success","modulo":"COLETA-AUTO","mensagem":"HAPV3: Cotação R$ 11.81"}
{"timestamp":"2026-05-11T16:58:57.659Z","tipo":"success","modulo":"COLETA-AUTO","mensagem":"HBOR3: Cotação R$ 2.30"}
{"timestamp":"2026-05-11T16:58:59.795Z","tipo":"success","modulo":"COLETA-AUTO","mensagem":"HBSA3: Cotação R$ 3.45"}
{"timestamp":"2026-05-11T16:59:01.922Z","tipo":"success","modulo":"COLETA-AUTO","mensagem":"HYPE3: Cotação R$ 23.36"}
{"timestamp":"2026-05-11T16:59:04.015Z","tipo":"success","modulo":"COLETA-AUTO","mensagem":"IGTI11: Cotação R$ 28.13"}
{"timestamp":"2026-05-11T16:59:06.072Z","tipo":"warning","modulo":"COLETA-AUTO","mensagem":"INBR32: Cotação indisponível"}
{"timestamp":"2026-05-11T16:59:06.152Z","tipo":"success","modulo":"COLETA-AUTO","mensagem":"INEP3: Cotação R$ 2.48"}
{"timestamp":"2026-05-11T16:59:08.269Z","tipo":"success","modulo":"COLETA-AUTO","mensagem":"INTB3: Cotação R$ 15.39"}
{"timestamp":"2026-05-11T16:59:10.390Z","tipo":"success","modulo":"COLETA-AUTO","mensagem":"IRBR3: Cotação R$ 53.27"}
{"timestamp":"2026-05-11T16:59:12.507Z","tipo":"success","modulo":"COLETA-AUTO","mensagem":"ISAE4: Cotação R$ 30.37"}
{"timestamp":"2026-05-11T16:59:14.604Z","tipo":"success","modulo":"COLETA-AUTO","mensagem":"ITSA4: Cotação R$ 13.50"}
{"timestamp":"2026-05-11T16:59:16.729Z","tipo":"success","modulo":"COLETA-AUTO","mensagem":"ITUB4: Cotação R$ 41.26"}
{"timestamp":"2026-05-11T16:59:18.847Z","tipo":"success","modulo":"COLETA-AUTO","mensagem":"JALL3: Cotação R$ 3.11"}
{"timestamp":"2026-05-11T16:59:20.949Z","tipo":"success","modulo":"COLETA-AUTO","mensagem":"JBSS3: Cotação R$ 39.03"}
{"timestamp":"2026-05-11T16:59:23.076Z","tipo":"success","modulo":"COLETA-AUTO","mensagem":"JHSF3: Cotação R$ 11.33"}
{"timestamp":"2026-05-11T16:59:25.197Z","tipo":"success","modulo":"COLETA-AUTO","mensagem":"JSLG3: Cotação R$ 7.04"}
{"timestamp":"2026-05-11T16:59:27.305Z","tipo":"success","modulo":"COLETA-AUTO","mensagem":"KEPL3: Cotação R$ 7.79"}
{"timestamp":"2026-05-11T16:59:29.418Z","tipo":"success","modulo":"COLETA-AUTO","mensagem":"KLBN11: Cotação R$ 17.19"}
{"timestamp":"2026-05-11T16:59:31.547Z","tipo":"success","modulo":"COLETA-AUTO","mensagem":"LAVV3: Cotação R$ 12.01"}
{"timestamp":"2026-05-11T16:59:33.715Z","tipo":"success","modulo":"COLETA-AUTO","mensagem":"LEVE3: Cotação R$ 34.43"}
{"timestamp":"2026-05-11T16:59:35.834Z","tipo":"success","modulo":"COLETA-AUTO","mensagem":"LIGT3: Cotação R$ 4.17"}
{"timestamp":"2026-05-11T16:59:37.948Z","tipo":"success","modulo":"COLETA-AUTO","mensagem":"LJQQ3: Cotação R$ 1.54"}
{"timestamp":"2026-05-11T16:59:40.047Z","tipo":"success","modulo":"COLETA-AUTO","mensagem":"LOGG3: Cotação R$ 27.21"}
{"timestamp":"2026-05-11T16:59:42.146Z","tipo":"success","modulo":"COLETA-AUTO","mensagem":"LOGN3: Cotação R$ 30.26"}
{"timestamp":"2026-05-11T16:59:44.263Z","tipo":"success","modulo":"COLETA-AUTO","mensagem":"LPSB3: Cotação R$ 1.79"}
{"timestamp":"2026-05-11T16:59:46.383Z","tipo":"success","modulo":"COLETA-AUTO","mensagem":"LREN3: Cotação R$ 14.35"}
{"timestamp":"2026-05-11T16:59:48.508Z","tipo":"success","modulo":"COLETA-AUTO","mensagem":"LUPA3: Cotação R$ 0.72"}
{"timestamp":"2026-05-11T16:59:50.633Z","tipo":"success","modulo":"COLETA-AUTO","mensagem":"LWSA3: Cotação R$ 3.91"}
{"timestamp":"2026-05-11T16:59:52.713Z","tipo":"warning","modulo":"COLETA-AUTO","mensagem":"MBLY3: Cotação indisponível"}
{"timestamp":"2026-05-11T16:59:52.802Z","tipo":"success","modulo":"COLETA-AUTO","mensagem":"MDIA3: Cotação R$ 21.25"}
{"timestamp":"2026-05-11T16:59:54.909Z","tipo":"success","modulo":"COLETA-AUTO","mensagem":"MDNE3: Cotação R$ 29.57"}
{"timestamp":"2026-05-11T16:59:57.011Z","tipo":"success","modulo":"COLETA-AUTO","mensagem":"MEAL3: Cotação R$ 1.09"}
{"timestamp":"2026-05-11T16:59:59.128Z","tipo":"success","modulo":"COLETA-AUTO","mensagem":"MELK3: Cotação R$ 3.30"}
{"timestamp":"2026-05-11T17:00:01.236Z","tipo":"success","modulo":"COLETA-AUTO","mensagem":"MGLU3: Cotação R$ 7.15"}
{"timestamp":"2026-05-11T17:00:03.356Z","tipo":"success","modulo":"COLETA-AUTO","mensagem":"MILS3: Cotação R$ 12.89"}
{"timestamp":"2026-05-11T17:00:05.483Z","tipo":"success","modulo":"COLETA-AUTO","mensagem":"MNPR3: Cotação R$ 3.91"}
{"timestamp":"2026-05-11T17:00:07.580Z","tipo":"success","modulo":"COLETA-AUTO","mensagem":"MOTV3: Cotação R$ 15.87"}
{"timestamp":"2026-05-11T17:00:09.699Z","tipo":"success","modulo":"COLETA-AUTO","mensagem":"MOVI3: Cotação R$ 11.74"}
{"timestamp":"2026-05-11T17:00:11.768Z","tipo":"warning","modulo":"COLETA-AUTO","mensagem":"MRFG3: Cotação indisponível"}
{"timestamp":"2026-05-11T17:00:11.849Z","tipo":"success","modulo":"COLETA-AUTO","mensagem":"MRVE3: Cotação R$ 6.69"}
{"timestamp":"2026-05-11T17:00:13.959Z","tipo":"success","modulo":"COLETA-AUTO","mensagem":"MTRE3: Cotação R$ 3.63"}
{"timestamp":"2026-05-11T17:00:16.100Z","tipo":"success","modulo":"COLETA-AUTO","mensagem":"MTSA4: Cotação R$ 57.40"}
{"timestamp":"2026-05-11T17:00:18.204Z","tipo":"success","modulo":"COLETA-AUTO","mensagem":"MULT3: Cotação R$ 31.80"}
{"timestamp":"2026-05-11T17:00:20.354Z","tipo":"success","modulo":"COLETA-AUTO","mensagem":"MYPK3: Cotação R$ 9.74"}
{"timestamp":"2026-05-11T17:00:22.481Z","tipo":"success","modulo":"COLETA-AUTO","mensagem":"NEOE3: Cotação R$ 33.80"}
{"timestamp":"2026-05-11T17:00:24.580Z","tipo":"success","modulo":"COLETA-AUTO","mensagem":"NGRD3: Cotação R$ 33.24"}
{"timestamp":"2026-05-11T17:00:26.683Z","tipo":"success","modulo":"COLETA-AUTO","mensagem":"NTCO3: Cotação R$ 10.80"}
{"timestamp":"2026-05-11T17:00:28.743Z","tipo":"warning","modulo":"COLETA-AUTO","mensagem":"ODPV3: Cotação indisponível"}
{"timestamp":"2026-05-11T17:00:28.837Z","tipo":"success","modulo":"COLETA-AUTO","mensagem":"OFSA3: Cotação R$ 33.54"}
{"timestamp":"2026-05-11T17:00:30.951Z","tipo":"success","modulo":"COLETA-AUTO","mensagem":"OIBR3: Cotação R$ 0.14"}
{"timestamp":"2026-05-11T17:00:33.075Z","tipo":"success","modulo":"COLETA-AUTO","mensagem":"ONCO3: Cotação R$ 1.26"}
{"timestamp":"2026-05-11T17:00:35.188Z","tipo":"success","modulo":"COLETA-AUTO","mensagem":"ORVR3: Cotação R$ 82.54"}
{"timestamp":"2026-05-11T17:00:37.412Z","tipo":"success","modulo":"COLETA-AUTO","mensagem":"PCAR3: Cotação R$ 2.40"}
{"timestamp":"2026-05-11T17:00:39.519Z","tipo":"success","modulo":"COLETA-AUTO","mensagem":"PDGR3: Cotação R$ 1.56"}
{"timestamp":"2026-05-11T17:00:41.623Z","tipo":"success","modulo":"COLETA-AUTO","mensagem":"PETR4: Cotação R$ 45.67"}
{"timestamp":"2026-05-11T17:00:43.766Z","tipo":"success","modulo":"COLETA-AUTO","mensagem":"PETZ3: Cotação R$ 4.39"}
{"timestamp":"2026-05-11T17:00:45.886Z","tipo":"success","modulo":"COLETA-AUTO","mensagem":"PFRM3: Cotação R$ 7.17"}
{"timestamp":"2026-05-11T17:00:47.990Z","tipo":"success","modulo":"COLETA-AUTO","mensagem":"PGMN3: Cotação R$ 5.10"}
{"timestamp":"2026-05-11T17:00:50.107Z","tipo":"success","modulo":"COLETA-AUTO","mensagem":"PINE4: Cotação R$ 13.40"}
{"timestamp":"2026-05-11T17:00:52.238Z","tipo":"success","modulo":"COLETA-AUTO","mensagem":"PLPL3: Cotação R$ 10.55"}
{"timestamp":"2026-05-11T17:00:54.342Z","tipo":"success","modulo":"COLETA-AUTO","mensagem":"PMAM3: Cotação R$ 0.59"}
{"timestamp":"2026-05-11T17:00:56.466Z","tipo":"success","modulo":"COLETA-AUTO","mensagem":"PNVL3: Cotação R$ 13.59"}
{"timestamp":"2026-05-11T17:00:58.599Z","tipo":"success","modulo":"COLETA-AUTO","mensagem":"POMO4: Cotação R$ 6.44"}
{"timestamp":"2026-05-11T17:01:00.711Z","tipo":"success","modulo":"COLETA-AUTO","mensagem":"PORT3: Cotação R$ 18.76"}
{"timestamp":"2026-05-11T17:01:02.838Z","tipo":"success","modulo":"COLETA-AUTO","mensagem":"POSI3: Cotação R$ 4.46"}
{"timestamp":"2026-05-11T17:01:04.934Z","tipo":"success","modulo":"COLETA-AUTO","mensagem":"PRIO3: Cotação R$ 63.27"}
{"timestamp":"2026-05-11T17:01:07.041Z","tipo":"success","modulo":"COLETA-AUTO","mensagem":"PRNR3: Cotação R$ 18.95"}
{"timestamp":"2026-05-11T17:01:09.153Z","tipo":"success","modulo":"COLETA-AUTO","mensagem":"PSSA3: Cotação R$ 51.49"}
{"timestamp":"2026-05-11T17:01:11.277Z","tipo":"success","modulo":"COLETA-AUTO","mensagem":"PTBL3: Cotação R$ 2.16"}
{"timestamp":"2026-05-11T17:01:13.373Z","tipo":"success","modulo":"COLETA-AUTO","mensagem":"PTNT4: Cotação R$ 8.70"}
{"timestamp":"2026-05-11T17:01:15.490Z","tipo":"success","modulo":"COLETA-AUTO","mensagem":"QUAL3: Cotação R$ 1.90"}
{"timestamp":"2026-05-11T17:01:17.601Z","tipo":"success","modulo":"COLETA-AUTO","mensagem":"RADL3: Cotação R$ 20.97"}
{"timestamp":"2026-05-11T17:01:19.714Z","tipo":"success","modulo":"COLETA-AUTO","mensagem":"RAIL3: Cotação R$ 16.93"}
{"timestamp":"2026-05-11T17:01:21.810Z","tipo":"success","modulo":"COLETA-AUTO","mensagem":"RAIl3: Cotação R$ 16.93"}
{"timestamp":"2026-05-11T17:01:23.939Z","tipo":"success","modulo":"COLETA-AUTO","mensagem":"RANI3: Cotação R$ 7.75"}
{"timestamp":"2026-05-11T17:01:26.034Z","tipo":"success","modulo":"COLETA-AUTO","mensagem":"RAPT4: Cotação R$ 5.45"}
{"timestamp":"2026-05-11T17:01:28.121Z","tipo":"success","modulo":"COLETA-AUTO","mensagem":"RDNI3: Cotação R$ 2.14"}
{"timestamp":"2026-05-11T17:01:30.247Z","tipo":"success","modulo":"COLETA-AUTO","mensagem":"RDOR3: Cotação R$ 38.31"}
{"timestamp":"2026-05-11T17:01:32.393Z","tipo":"success","modulo":"COLETA-AUTO","mensagem":"RECV3: Cotação R$ 12.43"}
{"timestamp":"2026-05-11T17:01:34.518Z","tipo":"success","modulo":"COLETA-AUTO","mensagem":"REDE3: Cotação R$ 6.21"}
{"timestamp":"2026-05-11T17:01:36.640Z","tipo":"success","modulo":"COLETA-AUTO","mensagem":"RENT3: Cotação R$ 49.88"}
{"timestamp":"2026-05-11T17:01:38.760Z","tipo":"success","modulo":"COLETA-AUTO","mensagem":"ROMI3: Cotação R$ 6.75"}
{"timestamp":"2026-05-11T17:01:40.860Z","tipo":"success","modulo":"COLETA-AUTO","mensagem":"SANB11: Cotação R$ 28.55"}
{"timestamp":"2026-05-11T17:01:42.970Z","tipo":"success","modulo":"COLETA-AUTO","mensagem":"SAPR4: Cotação R$ 8.20"}
{"timestamp":"2026-05-11T17:01:45.095Z","tipo":"success","modulo":"COLETA-AUTO","mensagem":"SBFG3: Cotação R$ 11.28"}
{"timestamp":"2026-05-11T17:01:47.191Z","tipo":"success","modulo":"COLETA-AUTO","mensagem":"SBSP3: Cotação R$ 31.13"}
{"timestamp":"2026-05-11T17:01:49.289Z","tipo":"success","modulo":"COLETA-AUTO","mensagem":"SEER3: Cotação R$ 13.47"}
{"timestamp":"2026-05-11T17:01:51.379Z","tipo":"success","modulo":"COLETA-AUTO","mensagem":"SEQL3: Cotação R$ 0.12"}
{"timestamp":"2026-05-11T17:01:53.473Z","tipo":"success","modulo":"COLETA-AUTO","mensagem":"SHOW3: Cotação R$ 5.60"}
{"timestamp":"2026-05-11T17:01:55.585Z","tipo":"success","modulo":"COLETA-AUTO","mensagem":"SHUL4: Cotação R$ 5.24"}
{"timestamp":"2026-05-11T17:01:57.756Z","tipo":"success","modulo":"COLETA-AUTO","mensagem":"SIMH3: Cotação R$ 10.51"}
{"timestamp":"2026-05-11T17:01:59.876Z","tipo":"success","modulo":"COLETA-AUTO","mensagem":"SLCE3: Cotação R$ 17.33"}
{"timestamp":"2026-05-11T17:02:01.984Z","tipo":"success","modulo":"COLETA-AUTO","mensagem":"SMFT3: Cotação R$ 20.22"}
{"timestamp":"2026-05-11T17:02:04.091Z","tipo":"success","modulo":"COLETA-AUTO","mensagem":"SMTO3: Cotação R$ 16.80"}
{"timestamp":"2026-05-11T17:02:06.207Z","tipo":"success","modulo":"COLETA-AUTO","mensagem":"SOJA3: Cotação R$ 6.93"}
{"timestamp":"2026-05-11T17:02:08.318Z","tipo":"success","modulo":"COLETA-AUTO","mensagem":"STBP3: Cotação R$ 14.42"}
{"timestamp":"2026-05-11T17:02:10.441Z","tipo":"success","modulo":"COLETA-AUTO","mensagem":"SUZB3: Cotação R$ 43.70"}
{"timestamp":"2026-05-11T17:02:12.543Z","tipo":"success","modulo":"COLETA-AUTO","mensagem":"TAEE11: Cotação R$ 40.96"}
{"timestamp":"2026-05-11T17:02:14.632Z","tipo":"success","modulo":"COLETA-AUTO","mensagem":"TASA4: Cotação R$ 4.87"}
{"timestamp":"2026-05-11T17:02:16.748Z","tipo":"success","modulo":"COLETA-AUTO","mensagem":"TCSA3: Cotação R$ 1.26"}
{"timestamp":"2026-05-11T17:02:18.841Z","tipo":"success","modulo":"COLETA-AUTO","mensagem":"TECN3: Cotação R$ 8.60"}
{"timestamp":"2026-05-11T17:02:20.973Z","tipo":"success","modulo":"COLETA-AUTO","mensagem":"TEND3: Cotação R$ 30.20"}
{"timestamp":"2026-05-11T17:02:23.072Z","tipo":"success","modulo":"COLETA-AUTO","mensagem":"TFCO4: Cotação R$ 15.81"}
{"timestamp":"2026-05-11T17:02:25.185Z","tipo":"success","modulo":"COLETA-AUTO","mensagem":"TGMA3: Cotação R$ 31.00"}
{"timestamp":"2026-05-11T17:02:27.289Z","tipo":"success","modulo":"COLETA-AUTO","mensagem":"TIMS3: Cotação R$ 23.33"}
{"timestamp":"2026-05-11T17:02:29.375Z","tipo":"success","modulo":"COLETA-AUTO","mensagem":"TOTS3: Cotação R$ 35.21"}
{"timestamp":"2026-05-11T17:02:31.462Z","tipo":"success","modulo":"COLETA-AUTO","mensagem":"TPIS3: Cotação R$ 10.52"}
{"timestamp":"2026-05-11T17:02:33.555Z","tipo":"success","modulo":"COLETA-AUTO","mensagem":"TRIS3: Cotação R$ 4.66"}
{"timestamp":"2026-05-11T17:02:35.661Z","tipo":"success","modulo":"COLETA-AUTO","mensagem":"TTEN3: Cotação R$ 16.86"}
{"timestamp":"2026-05-11T17:02:37.797Z","tipo":"success","modulo":"COLETA-AUTO","mensagem":"TUPY3: Cotação R$ 14.59"}
{"timestamp":"2026-05-11T17:02:39.919Z","tipo":"success","modulo":"COLETA-AUTO","mensagem":"UCAS3: Cotação R$ 1.36"}
{"timestamp":"2026-05-11T17:02:42.122Z","tipo":"success","modulo":"COLETA-AUTO","mensagem":"UGPA3: Cotação R$ 30.16"}
{"timestamp":"2026-05-11T17:02:44.228Z","tipo":"success","modulo":"COLETA-AUTO","mensagem":"UNIP6: Cotação R$ 62.39"}
{"timestamp":"2026-05-11T17:02:46.327Z","tipo":"success","modulo":"COLETA-AUTO","mensagem":"USIM5: Cotação R$ 8.99"}
{"timestamp":"2026-05-11T17:02:48.420Z","tipo":"success","modulo":"COLETA-AUTO","mensagem":"VALE3: Cotação R$ 81.49"}
{"timestamp":"2026-05-11T17:02:50.518Z","tipo":"success","modulo":"COLETA-AUTO","mensagem":"VAMO3: Cotação R$ 3.76"}
{"timestamp":"2026-05-11T17:02:52.615Z","tipo":"success","modulo":"COLETA-AUTO","mensagem":"VBBR3: Cotação R$ 33.80"}
